Using pre-set license
Built from '2021.3/staging' branch; Version is '2021.3.26f1 (a16dc32e0ff2) revision 10579395'; Using compiler version '192829333'; Build Type 'Release'
OS: 'Windows 11  (10.0.22621) 64bit CoreSingleLanguage' Language: 'en' Physical Memory: 15613 MB
BatchMode: 1, IsHumanControllingUs: 0, StartBugReporterOnCrash: 0, Is64bit: 1, IsPro: 1

COMMAND LINE ARGUMENTS:
E:\unity\2021.3.26f1\Editor\Unity.exe
-adb2
-batchMode
-noUpm
-name
AssetImportWorker1
-projectPath
E:/github/MoveStopMove_Tuyen/MoveStopMove_Tuyen
-logFile
Logs/AssetImportWorker1.log
-srvPort
52902
Successfully changed project path to: E:/github/MoveStopMove_Tuyen/MoveStopMove_Tuyen
E:/github/MoveStopMove_Tuyen/MoveStopMove_Tuyen
[UnityMemory] Configuration Parameters - Can be set up in boot.config
    "memorysetup-bucket-allocator-granularity=16"
    "memorysetup-bucket-allocator-bucket-count=8"
    "memorysetup-bucket-allocator-block-size=33554432"
    "memorysetup-bucket-allocator-block-count=8"
    "memorysetup-main-allocator-block-size=16777216"
    "memorysetup-thread-allocator-block-size=16777216"
    "memorysetup-gfx-main-allocator-block-size=16777216"
    "memorysetup-gfx-thread-allocator-block-size=16777216"
    "memorysetup-cache-allocator-block-size=4194304"
    "memorysetup-typetree-allocator-block-size=2097152"
    "memorysetup-profiler-bucket-allocator-granularity=16"
    "memorysetup-profiler-bucket-allocator-bucket-count=8"
    "memorysetup-profiler-bucket-allocator-block-size=33554432"
    "memorysetup-profiler-bucket-allocator-block-count=8"
    "memorysetup-profiler-allocator-block-size=16777216"
    "memorysetup-profiler-editor-allocator-block-size=1048576"
    "memorysetup-temp-allocator-size-main=16777216"
    "memorysetup-job-temp-allocator-block-size=2097152"
    "memorysetup-job-temp-allocator-block-size-background=1048576"
    "memorysetup-job-temp-allocator-reduction-small-platforms=262144"
    "memorysetup-temp-allocator-size-background-worker=32768"
    "memorysetup-temp-allocator-size-job-worker=262144"
    "memorysetup-temp-allocator-size-preload-manager=33554432"
    "memorysetup-temp-allocator-size-nav-mesh-worker=65536"
    "memorysetup-temp-allocator-size-audio-worker=65536"
    "memorysetup-temp-allocator-size-cloud-worker=32768"
    "memorysetup-temp-allocator-size-gi-baking-worker=262144"
    "memorysetup-temp-allocator-size-gfx=262144"
Player connection [48748] Host "[IP] 192.168.0.43 [Port] 0 [Flags] 2 [Guid] 1237170647 [EditorId] 1237170647 [Version] 1048832 [Id] WindowsEditor(7,bin1st090104) [Debug] 1 [PackageName] WindowsEditor [ProjectName] Editor" joined multi-casting on [225.0.0.222:54997]...

Player connection [48748] Host "[IP] 192.168.0.43 [Port] 0 [Flags] 2 [Guid] 1237170647 [EditorId] 1237170647 [Version] 1048832 [Id] WindowsEditor(7,bin1st090104) [Debug] 1 [PackageName] WindowsEditor [ProjectName] Editor" joined alternative multi-casting on [225.0.0.222:34997]...

Refreshing native plugins compatible for Editor in 68.70 ms, found 3 plugins.
Preloading 0 native plugins for Editor in 0.00 ms.
Initialize engine version: 2021.3.26f1 (a16dc32e0ff2)
[Subsystems] Discovering subsystems at path E:/unity/2021.3.26f1/Editor/Data/Resources/UnitySubsystems
[Subsystems] Discovering subsystems at path E:/github/MoveStopMove_Tuyen/MoveStopMove_Tuyen/Assets
GfxDevice: creating device client; threaded=0; jobified=0
Direct3D:
    Version:  Direct3D 11.0 [level 11.1]
    Renderer: NVIDIA GeForce RTX 3050 Laptop GPU (ID=0x25a2)
    Vendor:   NVIDIA
    VRAM:     3977 MB
    Driver:   31.0.15.3168
Initialize mono
Mono path[0] = 'E:/unity/2021.3.26f1/Editor/Data/Managed'
Mono path[1] = 'E:/unity/2021.3.26f1/Editor/Data/MonoBleedingEdge/lib/mono/unityjit-win32'
Mono config path = 'E:/unity/2021.3.26f1/Editor/Data/MonoBleedingEdge/etc'
Using monoOptions --debugger-agent=transport=dt_socket,embedding=1,server=y,suspend=n,address=127.0.0.1:56060
Begin MonoManager ReloadAssembly
Registering precompiled unity dll's ...
Register platform support module: E:/unity/2021.3.26f1/Editor/Data/PlaybackEngines/WebGLSupport/UnityEditor.WebGL.Extensions.dll
Register platform support module: E:/unity/2021.3.26f1/Editor/Data/PlaybackEngines/AndroidPlayer/UnityEditor.Android.Extensions.dll
Register platform support module: E:/unity/2021.3.26f1/Editor/Data/PlaybackEngines/WindowsStandaloneSupport/UnityEditor.WindowsStandalone.Extensions.dll
Registered in 0.001684 seconds.
Native extension for WindowsStandalone target not found
Native extension for Android target not found
Android Extension - Scanning For ADB Devices 216 ms
Native extension for WebGL target not found
Refreshing native plugins compatible for Editor in 61.54 ms, found 3 plugins.
Preloading 0 native plugins for Editor in 0.00 ms.
Mono: successfully reloaded assembly
- Completed reload, in  0.710 seconds
Domain Reload Profiling:
	ReloadAssembly (710ms)
		BeginReloadAssembly (59ms)
			ExecutionOrderSort (0ms)
			DisableScriptedObjects (0ms)
			BackupInstance (0ms)
			ReleaseScriptingObjects (0ms)
			CreateAndSetChildDomain (1ms)
		EndReloadAssembly (581ms)
			LoadAssemblies (59ms)
			RebuildTransferFunctionScriptingTraits (0ms)
			SetupTypeCache (83ms)
			ReleaseScriptCaches (0ms)
			RebuildScriptCaches (19ms)
			SetupLoadedEditorAssemblies (440ms)
				LogAssemblyErrors (0ms)
				InitializePlatformSupportModulesInManaged (280ms)
				SetLoadedEditorAssemblies (0ms)
				RefreshPlugins (62ms)
				BeforeProcessingInitializeOnLoad (1ms)
				ProcessInitializeOnLoadAttributes (67ms)
				ProcessInitializeOnLoadMethodAttributes (31ms)
				AfterProcessingInitializeOnLoad (0ms)
				EditorAssembliesLoaded (0ms)
			ExecutionOrderSort2 (0ms)
			AwakeInstancesAfterBackupRestoration (0ms)
Platform modules already initialized, skipping
Registering precompiled user dll's ...
Registered in 0.002522 seconds.
Begin MonoManager ReloadAssembly
Symbol file LoadedFromMemory doesn't match image E:\github\MoveStopMove_Tuyen\MoveStopMove_Tuyen\Library\PackageCache\com.unity.visualscripting@1.8.0\Editor\VisualScripting.Core\Dependencies\YamlDotNet\Unity.VisualScripting.YamlDotNet.dll
Symbol file LoadedFromMemory doesn't match image E:\github\MoveStopMove_Tuyen\MoveStopMove_Tuyen\Library\PackageCache\com.unity.visualscripting@1.8.0\Editor\VisualScripting.Core\Dependencies\DotNetZip\Unity.VisualScripting.IonicZip.dll
Native extension for WindowsStandalone target not found
Native extension for Android target not found
Native extension for WebGL target not found
Refreshing native plugins compatible for Editor in 0.72 ms, found 3 plugins.
Preloading 0 native plugins for Editor in 0.00 ms.
Mono: successfully reloaded assembly
- Completed reload, in  0.701 seconds
Domain Reload Profiling:
	ReloadAssembly (702ms)
		BeginReloadAssembly (83ms)
			ExecutionOrderSort (0ms)
			DisableScriptedObjects (5ms)
			BackupInstance (0ms)
			ReleaseScriptingObjects (0ms)
			CreateAndSetChildDomain (18ms)
		EndReloadAssembly (549ms)
			LoadAssemblies (59ms)
			RebuildTransferFunctionScriptingTraits (0ms)
			SetupTypeCache (191ms)
			ReleaseScriptCaches (0ms)
			RebuildScriptCaches (35ms)
			SetupLoadedEditorAssemblies (239ms)
				LogAssemblyErrors (0ms)
				InitializePlatformSupportModulesInManaged (14ms)
				SetLoadedEditorAssemblies (0ms)
				RefreshPlugins (1ms)
				BeforeProcessingInitializeOnLoad (50ms)
				ProcessInitializeOnLoadAttributes (157ms)
				ProcessInitializeOnLoadMethodAttributes (14ms)
				AfterProcessingInitializeOnLoad (2ms)
				EditorAssembliesLoaded (0ms)
			ExecutionOrderSort2 (0ms)
			AwakeInstancesAfterBackupRestoration (5ms)
Platform modules already initialized, skipping
========================================================================
Worker process is ready to serve import requests
Launched and connected shader compiler UnityShaderCompiler.exe after 0.04 seconds
Refreshing native plugins compatible for Editor in 0.99 ms, found 3 plugins.
Preloading 0 native plugins for Editor in 0.00 ms.
Unloading 3073 Unused Serialized files (Serialized files now loaded: 0)
Unloading 22 unused Assets / (284.8 KB). Loaded Objects now: 3547.
Memory consumption went from 189.9 MB to 189.6 MB.
Total: 3.292600 ms (FindLiveObjects: 0.245500 ms CreateObjectMapping: 0.173100 ms MarkObjects: 2.801900 ms  DeleteObjects: 0.071000 ms)

AssetImportParameters requested are different than current active one (requested -> active):
  custom:video-decoder-ogg-theora: a1e56fd34408186e4bbccfd4996cb3dc -> 
  custom:container-muxer-webm: aa71ff27fc2769a1b78a27578f13a17b -> 
  custom:container-demuxer-webm: 4f35f7cbe854078d1ac9338744f61a02 -> 
  custom:video-encoder-webm-vp8: eb34c28f22e8b96e1ab97ce403110664 -> 
  custom:video-codec-MediaFoundation-h265: 746d11721c4dcdbdad8f713fa42b33f4 -> 
  custom:audio-encoder-webm-vorbis: bf7c407c2cedff20999df2af8eb42d56 -> 
  custom:framework-win-MediaFoundation: 216162199b28c13a410421893ffa2e32 -> 
  custom:container-demuxer-ogg: 62fdf1f143b41e24485cea50d1cbac27 -> 
  custom:video-decoder-webm-vp8: 9c59270c3fd7afecdb556c50c9e8de78 -> 
  custom:audio-decoder-ogg-vorbis: bf7c407c2cedff20999df2af8eb42d56 -> 
========================================================================
Received Import Request.
  Time since last request: 757158.970781 seconds.
  path: Assets/Documents/Bitgem/Jungle_Cube/Source/weapon_stone_hammer.fbx
  artifactKey: Guid(9c8c9d85b7ab7447b87a018c7fb31a76) Importer(815301076,1909f56bfc062723c751e8b465ee728b)
Start importing Assets/Documents/Bitgem/Jungle_Cube/Source/weapon_stone_hammer.fbx using Guid(9c8c9d85b7ab7447b87a018c7fb31a76) Importer(815301076,1909f56bfc062723c751e8b465ee728b)  -> (artifact id: '44c335ed50f1062736f32d0cd0c10af0') in 0.141763 seconds 
========================================================================
Received Import Request.
  Time since last request: 0.000024 seconds.
  path: Assets/Documents/Bitgem/Jungle_Cube/Source/weapon_boomerang.fbx
  artifactKey: Guid(af3a05cf0114f497cb43fb53385abdad) Importer(815301076,1909f56bfc062723c751e8b465ee728b)
Start importing Assets/Documents/Bitgem/Jungle_Cube/Source/weapon_boomerang.fbx using Guid(af3a05cf0114f497cb43fb53385abdad) Importer(815301076,1909f56bfc062723c751e8b465ee728b)  -> (artifact id: '595a119e6683819cf35bd3ce90dd67b5') in 0.037823 seconds 
========================================================================
Received Import Request.
  Time since last request: 3.309806 seconds.
  path: Assets/Documents/Bitgem/Jungle_Cube/Source/vine_vertical_straight_green_LOD_group.fbx
  artifactKey: Guid(b9b00c9e3cdeb4123baca5f8379ec7e2) Importer(815301076,1909f56bfc062723c751e8b465ee728b)
Start importing Assets/Documents/Bitgem/Jungle_Cube/Source/vine_vertical_straight_green_LOD_group.fbx using Guid(b9b00c9e3cdeb4123baca5f8379ec7e2) Importer(815301076,1909f56bfc062723c751e8b465ee728b)  -> (artifact id: 'b2aee9e336acfdca4d0025c94ca6b9d9') in 0.054538 seconds 
========================================================================
Received Import Request.
  Time since last request: 0.000024 seconds.
  path: Assets/Documents/Bitgem/Jungle_Cube/Source/vine_horizontal_curve_small_green_LOD_group.fbx
  artifactKey: Guid(b99b881036d1c49d09c1ae424f221854) Importer(815301076,1909f56bfc062723c751e8b465ee728b)
Start importing Assets/Documents/Bitgem/Jungle_Cube/Source/vine_horizontal_curve_small_green_LOD_group.fbx using Guid(b99b881036d1c49d09c1ae424f221854) Importer(815301076,1909f56bfc062723c751e8b465ee728b)  -> (artifact id: '56613d96655d8c2ac83997adbfe702c2') in 0.057995 seconds 
========================================================================
Received Import Request.
  Time since last request: 0.000026 seconds.
  path: Assets/Documents/Bitgem/Jungle_Cube/Source/vine_vertical_curled_green_LOD_group.fbx
  artifactKey: Guid(32cedb955c50f41faa006612afbb91c7) Importer(815301076,1909f56bfc062723c751e8b465ee728b)
Start importing Assets/Documents/Bitgem/Jungle_Cube/Source/vine_vertical_curled_green_LOD_group.fbx using Guid(32cedb955c50f41faa006612afbb91c7) Importer(815301076,1909f56bfc062723c751e8b465ee728b)  -> (artifact id: 'e2d098ea2ecd299efb75ff32c771e695') in 0.047047 seconds 
========================================================================
Received Import Request.
  Time since last request: 1.020988 seconds.
  path: Assets/Documents/Bitgem/Jungle_Cube/Source/vine_small_curve_brown_LOD_group.fbx
  artifactKey: Guid(36c5ad466f69542e28e509a402d5c5da) Importer(815301076,1909f56bfc062723c751e8b465ee728b)
Start importing Assets/Documents/Bitgem/Jungle_Cube/Source/vine_small_curve_brown_LOD_group.fbx using Guid(36c5ad466f69542e28e509a402d5c5da) Importer(815301076,1909f56bfc062723c751e8b465ee728b)  -> (artifact id: 'c83c42b056ff6a59d5dae397f92a85e0') in 0.029322 seconds 
========================================================================
Received Import Request.
  Time since last request: 0.854420 seconds.
  path: Assets/Documents/Bitgem/Jungle_Cube/Source/vine2_LOD_group.fbx
  artifactKey: Guid(ef76bc5da87594b1ead267e72e5c0542) Importer(815301076,1909f56bfc062723c751e8b465ee728b)
Start importing Assets/Documents/Bitgem/Jungle_Cube/Source/vine2_LOD_group.fbx using Guid(ef76bc5da87594b1ead267e72e5c0542) Importer(815301076,1909f56bfc062723c751e8b465ee728b)  -> (artifact id: 'c7e596703ede9d9e9241e4422ff91a4e') in 0.029703 seconds 
========================================================================
Received Import Request.
  Time since last request: 0.000020 seconds.
  path: Assets/Documents/Bitgem/Jungle_Cube/Source/vine_big_curve_brown_LOD_group.fbx
  artifactKey: Guid(7f93ccbea5f7142419ad71e9a571e17e) Importer(815301076,1909f56bfc062723c751e8b465ee728b)
Start importing Assets/Documents/Bitgem/Jungle_Cube/Source/vine_big_curve_brown_LOD_group.fbx using Guid(7f93ccbea5f7142419ad71e9a571e17e) Importer(815301076,1909f56bfc062723c751e8b465ee728b)  -> (artifact id: '0355b441a944ce30fcbbcdc750883dde') in 0.031855 seconds 
========================================================================
Received Import Request.
  Time since last request: 25.075710 seconds.
  path: Assets/Documents/Bitgem/Tavern_Cube/Source/tavern_cellar_arch_3.fbx
  artifactKey: Guid(946e2224de649477fb81495c743fd36c) Importer(815301076,1909f56bfc062723c751e8b465ee728b)
Start importing Assets/Documents/Bitgem/Tavern_Cube/Source/tavern_cellar_arch_3.fbx using Guid(946e2224de649477fb81495c743fd36c) Importer(815301076,1909f56bfc062723c751e8b465ee728b)  -> (artifact id: '35f49df02c74b558b2e69b2ed9ab9d7d') in 0.064224 seconds 
========================================================================
Received Import Request.
  Time since last request: 0.000019 seconds.
  path: Assets/Documents/Bitgem/Tavern_Cube/Source/tavern_book_shelf.fbx
  artifactKey: Guid(b025f8df4537b4947a0386918926dfed) Importer(815301076,1909f56bfc062723c751e8b465ee728b)
Start importing Assets/Documents/Bitgem/Tavern_Cube/Source/tavern_book_shelf.fbx using Guid(b025f8df4537b4947a0386918926dfed) Importer(815301076,1909f56bfc062723c751e8b465ee728b)  -> (artifact id: 'b3206ce1382b3059ff6897b2367b424f') in 0.085107 seconds 
========================================================================
Received Import Request.
  Time since last request: 0.000026 seconds.
  path: Assets/Documents/Bitgem/Tavern_Cube/Source/tavern_bed.fbx
  artifactKey: Guid(f956894fbbab04859aa445e8f17ae750) Importer(815301076,1909f56bfc062723c751e8b465ee728b)
Start importing Assets/Documents/Bitgem/Tavern_Cube/Source/tavern_bed.fbx using Guid(f956894fbbab04859aa445e8f17ae750) Importer(815301076,1909f56bfc062723c751e8b465ee728b)  -> (artifact id: 'fe62b199d7789468fe7239c46329b916') in 0.066841 seconds 
========================================================================
Received Import Request.
  Time since last request: 0.539826 seconds.
  path: Assets/Documents/Bitgem/Tavern_Cube/Source/tavern_barrel.fbx
  artifactKey: Guid(0f1215e6f63c747309263f62502e1e47) Importer(815301076,1909f56bfc062723c751e8b465ee728b)
Start importing Assets/Documents/Bitgem/Tavern_Cube/Source/tavern_barrel.fbx using Guid(0f1215e6f63c747309263f62502e1e47) Importer(815301076,1909f56bfc062723c751e8b465ee728b)  -> (artifact id: '6dc517556f1dc536eae24ecc6e6aef55') in 0.029664 seconds 
========================================================================
Received Import Request.
  Time since last request: 5.268876 seconds.
  path: Assets/Documents/Bitgem/Jungle_Cube/Source/stair_stone1_corner_conc_LOD_group.fbx
  artifactKey: Guid(0db98a37662f44e4b8337598d7ab1472) Importer(815301076,1909f56bfc062723c751e8b465ee728b)
Start importing Assets/Documents/Bitgem/Jungle_Cube/Source/stair_stone1_corner_conc_LOD_group.fbx using Guid(0db98a37662f44e4b8337598d7ab1472) Importer(815301076,1909f56bfc062723c751e8b465ee728b)  -> (artifact id: 'fe392c106139ea5478b084d8afa902c3') in 0.055429 seconds 
========================================================================
Received Import Request.
  Time since last request: 0.669237 seconds.
  path: Assets/Documents/Bitgem/Cube_World/Mining/Source/spear_gold.fbx
  artifactKey: Guid(0028e51b1c068234abf52be30b143bf4) Importer(815301076,1909f56bfc062723c751e8b465ee728b)
Start importing Assets/Documents/Bitgem/Cube_World/Mining/Source/spear_gold.fbx using Guid(0028e51b1c068234abf52be30b143bf4) Importer(815301076,1909f56bfc062723c751e8b465ee728b)  -> (artifact id: '7fb5dd013b387e735ee8da638931627a') in 0.066865 seconds 
========================================================================
Received Import Request.
  Time since last request: 0.081113 seconds.
  path: Assets/Documents/Bitgem/Cube_World/Mining/Source/spear_diamond.fbx
  artifactKey: Guid(07df704f2a5e20a4ca71a8541e1c71ff) Importer(815301076,1909f56bfc062723c751e8b465ee728b)
Start importing Assets/Documents/Bitgem/Cube_World/Mining/Source/spear_diamond.fbx using Guid(07df704f2a5e20a4ca71a8541e1c71ff) Importer(815301076,1909f56bfc062723c751e8b465ee728b)  -> (artifact id: '4ebc9699b483882ec9806a050a558705') in 0.049305 seconds 
========================================================================
Received Import Request.
  Time since last request: 0.000019 seconds.
  path: Assets/Documents/Bitgem/Cube_World/Snow/Source/snowball.fbx
  artifactKey: Guid(9410e6809555a3944af899d1e5afb839) Importer(815301076,1909f56bfc062723c751e8b465ee728b)
Start importing Assets/Documents/Bitgem/Cube_World/Snow/Source/snowball.fbx using Guid(9410e6809555a3944af899d1e5afb839) Importer(815301076,1909f56bfc062723c751e8b465ee728b)  -> (artifact id: 'a8af855a0b71450dbd47c4c123c9a98e') in 0.049611 seconds 
========================================================================
Received Import Request.
  Time since last request: 0.000018 seconds.
  path: Assets/Documents/Bitgem/Jungle_Cube/Source/skull_pile_small_LOD_group.fbx
  artifactKey: Guid(3a414259ac0ad4843900982746145b27) Importer(815301076,1909f56bfc062723c751e8b465ee728b)
Start importing Assets/Documents/Bitgem/Jungle_Cube/Source/skull_pile_small_LOD_group.fbx using Guid(3a414259ac0ad4843900982746145b27) Importer(815301076,1909f56bfc062723c751e8b465ee728b)  -> (artifact id: 'fbb8f31cf53aba6f2d1521753528b6e8') in 0.043732 seconds 
========================================================================
Received Import Request.
  Time since last request: 2.038022 seconds.
  path: Assets/Documents/Bitgem/Cube_World/Mining/Source/shovel_wood.fbx
  artifactKey: Guid(b85bac2eb8558994784ecbbf25e1c54f) Importer(815301076,1909f56bfc062723c751e8b465ee728b)
Start importing Assets/Documents/Bitgem/Cube_World/Mining/Source/shovel_wood.fbx using Guid(b85bac2eb8558994784ecbbf25e1c54f) Importer(815301076,1909f56bfc062723c751e8b465ee728b)  -> (artifact id: '7c67b18d5c06a80aed552868ced1fc79') in 0.035856 seconds 
========================================================================
Received Import Request.
  Time since last request: 6.438800 seconds.
  path: Assets/Documents/Bitgem/Jungle_Cube/Source/bushes_small_plain_LOD_group.fbx
  artifactKey: Guid(0c3ac5ba8e7134c36b292d0e31abc14b) Importer(815301076,1909f56bfc062723c751e8b465ee728b)
Start importing Assets/Documents/Bitgem/Jungle_Cube/Source/bushes_small_plain_LOD_group.fbx using Guid(0c3ac5ba8e7134c36b292d0e31abc14b) Importer(815301076,1909f56bfc062723c751e8b465ee728b)  -> (artifact id: '10ec2ee956538e14f04609f31b8ed7ac') in 0.076016 seconds 
========================================================================
Received Import Request.
  Time since last request: 0.000021 seconds.
  path: Assets/Documents/Bitgem/Jungle_Cube/Source/bushes_small_purple_berries_LOD_group.fbx
  artifactKey: Guid(d495f3bc1efe0459e9926098b97a91d6) Importer(815301076,1909f56bfc062723c751e8b465ee728b)
Start importing Assets/Documents/Bitgem/Jungle_Cube/Source/bushes_small_purple_berries_LOD_group.fbx using Guid(d495f3bc1efe0459e9926098b97a91d6) Importer(815301076,1909f56bfc062723c751e8b465ee728b)  -> (artifact id: '770c72dbfd64c28c76157cd27737f101') in 0.085245 seconds 
========================================================================
Received Import Request.
  Time since last request: 0.000024 seconds.
  path: Assets/Documents/Bitgem/Jungle_Cube/Source/bushes_small_red_berries_LOD_group.fbx
  artifactKey: Guid(6eb0b3b1d80ae4dc58f169263f5bc47e) Importer(815301076,1909f56bfc062723c751e8b465ee728b)
Start importing Assets/Documents/Bitgem/Jungle_Cube/Source/bushes_small_red_berries_LOD_group.fbx using Guid(6eb0b3b1d80ae4dc58f169263f5bc47e) Importer(815301076,1909f56bfc062723c751e8b465ee728b)  -> (artifact id: '5f94f8594629da19fa9b0a914c5112a0') in 0.067625 seconds 
========================================================================
Received Import Request.
  Time since last request: 2.649932 seconds.
  path: Assets/Documents/Bitgem/Jungle_Cube/Source/banana_tree_big_LOD_group.fbx
  artifactKey: Guid(285e51c65df5c4f6e97e666180822280) Importer(815301076,1909f56bfc062723c751e8b465ee728b)
Start importing Assets/Documents/Bitgem/Jungle_Cube/Source/banana_tree_big_LOD_group.fbx using Guid(285e51c65df5c4f6e97e666180822280) Importer(815301076,1909f56bfc062723c751e8b465ee728b)  -> (artifact id: 'c9ce83905d2950acde5ea05684e3a417') in 0.043707 seconds 
Editor requested this worker to shutdown with reason: Scaling down because of idle timeout
AssetImportWorker is now disconnected from the server
Process exiting
Exiting without the bug reporter. Application will terminate with return code 0