Using pre-set license
Built from '2021.3/staging' branch; Version is '2021.3.26f1 (a16dc32e0ff2) revision 10579395'; Using compiler version '192829333'; Build Type 'Release'
OS: 'Windows 11  (10.0.22621) 64bit CoreSingleLanguage' Language: 'en' Physical Memory: 15613 MB
BatchMode: 1, IsHumanControllingUs: 0, StartBugReporterOnCrash: 0, Is64bit: 1, IsPro: 1

COMMAND LINE ARGUMENTS:
E:\unity\2021.3.26f1\Editor\Unity.exe
-adb2
-batchMode
-noUpm
-name
AssetImportWorker0
-projectPath
E:/github/MoveStopMove_Tuyen/MoveStopMove_Tuyen
-logFile
Logs/AssetImportWorker0.log
-srvPort
63195
Successfully changed project path to: E:/github/MoveStopMove_Tuyen/MoveStopMove_Tuyen
E:/github/MoveStopMove_Tuyen/MoveStopMove_Tuyen
[UnityMemory] Configuration Parameters - Can be set up in boot.config
    "memorysetup-bucket-allocator-granularity=16"
    "memorysetup-bucket-allocator-bucket-count=8"
    "memorysetup-bucket-allocator-block-size=33554432"
    "memorysetup-bucket-allocator-block-count=8"
    "memorysetup-main-allocator-block-size=16777216"
    "memorysetup-thread-allocator-block-size=16777216"
    "memorysetup-gfx-main-allocator-block-size=16777216"
    "memorysetup-gfx-thread-allocator-block-size=16777216"
    "memorysetup-cache-allocator-block-size=4194304"
    "memorysetup-typetree-allocator-block-size=2097152"
    "memorysetup-profiler-bucket-allocator-granularity=16"
    "memorysetup-profiler-bucket-allocator-bucket-count=8"
    "memorysetup-profiler-bucket-allocator-block-size=33554432"
    "memorysetup-profiler-bucket-allocator-block-count=8"
    "memorysetup-profiler-allocator-block-size=16777216"
    "memorysetup-profiler-editor-allocator-block-size=1048576"
    "memorysetup-temp-allocator-size-main=16777216"
    "memorysetup-job-temp-allocator-block-size=2097152"
    "memorysetup-job-temp-allocator-block-size-background=1048576"
    "memorysetup-job-temp-allocator-reduction-small-platforms=262144"
    "memorysetup-temp-allocator-size-background-worker=32768"
    "memorysetup-temp-allocator-size-job-worker=262144"
    "memorysetup-temp-allocator-size-preload-manager=33554432"
    "memorysetup-temp-allocator-size-nav-mesh-worker=65536"
    "memorysetup-temp-allocator-size-audio-worker=65536"
    "memorysetup-temp-allocator-size-cloud-worker=32768"
    "memorysetup-temp-allocator-size-gi-baking-worker=262144"
    "memorysetup-temp-allocator-size-gfx=262144"
Player connection [16548] Host "[IP] 192.168.0.55 [Port] 0 [Flags] 2 [Guid] 2907930337 [EditorId] 2907930337 [Version] 1048832 [Id] WindowsEditor(7,bin1st090104) [Debug] 1 [PackageName] WindowsEditor [ProjectName] Editor" joined multi-casting on [225.0.0.222:54997]...

Player connection [16548] Host "[IP] 192.168.0.55 [Port] 0 [Flags] 2 [Guid] 2907930337 [EditorId] 2907930337 [Version] 1048832 [Id] WindowsEditor(7,bin1st090104) [Debug] 1 [PackageName] WindowsEditor [ProjectName] Editor" joined alternative multi-casting on [225.0.0.222:34997]...

Refreshing native plugins compatible for Editor in 66.16 ms, found 3 plugins.
Preloading 0 native plugins for Editor in 0.00 ms.
Initialize engine version: 2021.3.26f1 (a16dc32e0ff2)
[Subsystems] Discovering subsystems at path E:/unity/2021.3.26f1/Editor/Data/Resources/UnitySubsystems
[Subsystems] Discovering subsystems at path E:/github/MoveStopMove_Tuyen/MoveStopMove_Tuyen/Assets
GfxDevice: creating device client; threaded=0; jobified=0
Direct3D:
    Version:  Direct3D 11.0 [level 11.1]
    Renderer: NVIDIA GeForce RTX 3050 Laptop GPU (ID=0x25a2)
    Vendor:   NVIDIA
    VRAM:     3977 MB
    Driver:   31.0.15.3168
Initialize mono
Mono path[0] = 'E:/unity/2021.3.26f1/Editor/Data/Managed'
Mono path[1] = 'E:/unity/2021.3.26f1/Editor/Data/MonoBleedingEdge/lib/mono/unityjit-win32'
Mono config path = 'E:/unity/2021.3.26f1/Editor/Data/MonoBleedingEdge/etc'
Using monoOptions --debugger-agent=transport=dt_socket,embedding=1,server=y,suspend=n,address=127.0.0.1:56932
Begin MonoManager ReloadAssembly
Registering precompiled unity dll's ...
Register platform support module: E:/unity/2021.3.26f1/Editor/Data/PlaybackEngines/WebGLSupport/UnityEditor.WebGL.Extensions.dll
Register platform support module: E:/unity/2021.3.26f1/Editor/Data/PlaybackEngines/AndroidPlayer/UnityEditor.Android.Extensions.dll
Register platform support module: E:/unity/2021.3.26f1/Editor/Data/PlaybackEngines/WindowsStandaloneSupport/UnityEditor.WindowsStandalone.Extensions.dll
Registered in 0.001598 seconds.
Native extension for WindowsStandalone target not found
Native extension for Android target not found
Android Extension - Scanning For ADB Devices 230 ms
Native extension for WebGL target not found
Refreshing native plugins compatible for Editor in 65.11 ms, found 3 plugins.
Preloading 0 native plugins for Editor in 0.00 ms.
Mono: successfully reloaded assembly
- Completed reload, in  0.744 seconds
Domain Reload Profiling:
	ReloadAssembly (744ms)
		BeginReloadAssembly (64ms)
			ExecutionOrderSort (0ms)
			DisableScriptedObjects (0ms)
			BackupInstance (0ms)
			ReleaseScriptingObjects (0ms)
			CreateAndSetChildDomain (1ms)
		EndReloadAssembly (609ms)
			LoadAssemblies (64ms)
			RebuildTransferFunctionScriptingTraits (0ms)
			SetupTypeCache (87ms)
			ReleaseScriptCaches (0ms)
			RebuildScriptCaches (19ms)
			SetupLoadedEditorAssemblies (464ms)
				LogAssemblyErrors (0ms)
				InitializePlatformSupportModulesInManaged (297ms)
				SetLoadedEditorAssemblies (0ms)
				RefreshPlugins (65ms)
				BeforeProcessingInitializeOnLoad (1ms)
				ProcessInitializeOnLoadAttributes (68ms)
				ProcessInitializeOnLoadMethodAttributes (33ms)
				AfterProcessingInitializeOnLoad (0ms)
				EditorAssembliesLoaded (0ms)
			ExecutionOrderSort2 (0ms)
			AwakeInstancesAfterBackupRestoration (0ms)
Platform modules already initialized, skipping
Registering precompiled user dll's ...
Registered in 0.002183 seconds.
Begin MonoManager ReloadAssembly
Symbol file LoadedFromMemory doesn't match image E:\github\MoveStopMove_Tuyen\MoveStopMove_Tuyen\Library\PackageCache\com.unity.visualscripting@1.8.0\Editor\VisualScripting.Core\Dependencies\YamlDotNet\Unity.VisualScripting.YamlDotNet.dll
Symbol file LoadedFromMemory doesn't match image E:\github\MoveStopMove_Tuyen\MoveStopMove_Tuyen\Library\PackageCache\com.unity.visualscripting@1.8.0\Editor\VisualScripting.Core\Dependencies\DotNetZip\Unity.VisualScripting.IonicZip.dll
Native extension for WindowsStandalone target not found
Native extension for Android target not found
Native extension for WebGL target not found
Refreshing native plugins compatible for Editor in 0.86 ms, found 3 plugins.
Preloading 0 native plugins for Editor in 0.00 ms.
Mono: successfully reloaded assembly
- Completed reload, in  0.747 seconds
Domain Reload Profiling:
	ReloadAssembly (748ms)
		BeginReloadAssembly (86ms)
			ExecutionOrderSort (0ms)
			DisableScriptedObjects (5ms)
			BackupInstance (0ms)
			ReleaseScriptingObjects (0ms)
			CreateAndSetChildDomain (18ms)
		EndReloadAssembly (590ms)
			LoadAssemblies (64ms)
			RebuildTransferFunctionScriptingTraits (0ms)
			SetupTypeCache (209ms)
			ReleaseScriptCaches (0ms)
			RebuildScriptCaches (36ms)
			SetupLoadedEditorAssemblies (247ms)
				LogAssemblyErrors (0ms)
				InitializePlatformSupportModulesInManaged (18ms)
				SetLoadedEditorAssemblies (0ms)
				RefreshPlugins (1ms)
				BeforeProcessingInitializeOnLoad (51ms)
				ProcessInitializeOnLoadAttributes (161ms)
				ProcessInitializeOnLoadMethodAttributes (14ms)
				AfterProcessingInitializeOnLoad (2ms)
				EditorAssembliesLoaded (0ms)
			ExecutionOrderSort2 (0ms)
			AwakeInstancesAfterBackupRestoration (4ms)
Platform modules already initialized, skipping
========================================================================
Worker process is ready to serve import requests
Launched and connected shader compiler UnityShaderCompiler.exe after 0.04 seconds
Refreshing native plugins compatible for Editor in 1.04 ms, found 3 plugins.
Preloading 0 native plugins for Editor in 0.00 ms.
Unloading 3088 Unused Serialized files (Serialized files now loaded: 0)
Unloading 22 unused Assets / (284.7 KB). Loaded Objects now: 3566.
Memory consumption went from 190.8 MB to 190.5 MB.
Total: 3.174000 ms (FindLiveObjects: 0.245400 ms CreateObjectMapping: 0.164300 ms MarkObjects: 2.689900 ms  DeleteObjects: 0.073000 ms)

AssetImportParameters requested are different than current active one (requested -> active):
  custom:video-decoder-ogg-theora: a1e56fd34408186e4bbccfd4996cb3dc -> 
  custom:container-muxer-webm: aa71ff27fc2769a1b78a27578f13a17b -> 
  custom:container-demuxer-webm: 4f35f7cbe854078d1ac9338744f61a02 -> 
  custom:video-encoder-webm-vp8: eb34c28f22e8b96e1ab97ce403110664 -> 
  custom:video-codec-MediaFoundation-h265: 746d11721c4dcdbdad8f713fa42b33f4 -> 
  custom:audio-encoder-webm-vorbis: bf7c407c2cedff20999df2af8eb42d56 -> 
  custom:framework-win-MediaFoundation: 216162199b28c13a410421893ffa2e32 -> 
  custom:container-demuxer-ogg: 62fdf1f143b41e24485cea50d1cbac27 -> 
  custom:video-decoder-webm-vp8: 9c59270c3fd7afecdb556c50c9e8de78 -> 
  custom:audio-decoder-ogg-vorbis: bf7c407c2cedff20999df2af8eb42d56 -> 
========================================================================
Received Import Request.
  Time since last request: 1010547.630373 seconds.
  path: Assets/Game/Prefab/Boomerang.prefab
  artifactKey: Guid(c1882878035aacf4b9f751c0d8ec6b37) Importer(815301076,1909f56bfc062723c751e8b465ee728b)
Start importing Assets/Game/Prefab/Boomerang.prefab using Guid(c1882878035aacf4b9f751c0d8ec6b37) Importer(815301076,1909f56bfc062723c751e8b465ee728b)  -> (artifact id: '4874022b1e60fb609e45c58a620722ab') in 0.096370 seconds 
========================================================================
Received Import Request.
  Time since last request: 1.685192 seconds.
  path: Assets/Game/Prefab/Arrow.prefab
  artifactKey: Guid(2c9f4c787e6ccd24596afc067d9ea8d1) Importer(815301076,1909f56bfc062723c751e8b465ee728b)
Start importing Assets/Game/Prefab/Arrow.prefab using Guid(2c9f4c787e6ccd24596afc067d9ea8d1) Importer(815301076,1909f56bfc062723c751e8b465ee728b)  -> (artifact id: '2a105bedeaa2f1145b55176595cf7253') in 0.018580 seconds 
========================================================================
Received Import Request.
  Time since last request: 2.705957 seconds.
  path: Assets/Game/Prefab/Boomerang.prefab
  artifactKey: Guid(c1882878035aacf4b9f751c0d8ec6b37) Importer(815301076,1909f56bfc062723c751e8b465ee728b)
Start importing Assets/Game/Prefab/Boomerang.prefab using Guid(c1882878035aacf4b9f751c0d8ec6b37) Importer(815301076,1909f56bfc062723c751e8b465ee728b)  -> (artifact id: 'bdaabb4a550b8d8ae1bef9c6bf843cb3') in 0.009546 seconds 
========================================================================
Received Import Request.
  Time since last request: 33.561268 seconds.
  path: Assets/Game/Prefab/Boomerang.prefab
  artifactKey: Guid(c1882878035aacf4b9f751c0d8ec6b37) Importer(815301076,1909f56bfc062723c751e8b465ee728b)
Start importing Assets/Game/Prefab/Boomerang.prefab using Guid(c1882878035aacf4b9f751c0d8ec6b37) Importer(815301076,1909f56bfc062723c751e8b465ee728b)  -> (artifact id: 'cc36d4525c9f75e52621ef2d29e174d8') in 0.005926 seconds 
========================================================================
Received Prepare
Registering precompiled user dll's ...
Registered in 0.002977 seconds.
Begin MonoManager ReloadAssembly
Symbol file LoadedFromMemory doesn't match image E:\github\MoveStopMove_Tuyen\MoveStopMove_Tuyen\Library\PackageCache\com.unity.visualscripting@1.8.0\Editor\VisualScripting.Core\Dependencies\YamlDotNet\Unity.VisualScripting.YamlDotNet.dll
Symbol file LoadedFromMemory doesn't match image E:\github\MoveStopMove_Tuyen\MoveStopMove_Tuyen\Library\PackageCache\com.unity.visualscripting@1.8.0\Editor\VisualScripting.Core\Dependencies\DotNetZip\Unity.VisualScripting.IonicZip.dll
Native extension for WindowsStandalone target not found
Native extension for Android target not found
Native extension for WebGL target not found
Refreshing native plugins compatible for Editor in 0.83 ms, found 3 plugins.
Preloading 0 native plugins for Editor in 0.00 ms.
Mono: successfully reloaded assembly
- Completed reload, in  0.726 seconds
Domain Reload Profiling:
	ReloadAssembly (726ms)
		BeginReloadAssembly (113ms)
			ExecutionOrderSort (0ms)
			DisableScriptedObjects (5ms)
			BackupInstance (0ms)
			ReleaseScriptingObjects (0ms)
			CreateAndSetChildDomain (33ms)
		EndReloadAssembly (546ms)
			LoadAssemblies (59ms)
			RebuildTransferFunctionScriptingTraits (0ms)
			SetupTypeCache (206ms)
			ReleaseScriptCaches (2ms)
			RebuildScriptCaches (34ms)
			SetupLoadedEditorAssemblies (213ms)
				LogAssemblyErrors (0ms)
				InitializePlatformSupportModulesInManaged (17ms)
				SetLoadedEditorAssemblies (0ms)
				RefreshPlugins (1ms)
				BeforeProcessingInitializeOnLoad (41ms)
				ProcessInitializeOnLoadAttributes (138ms)
				ProcessInitializeOnLoadMethodAttributes (14ms)
				AfterProcessingInitializeOnLoad (2ms)
				EditorAssembliesLoaded (0ms)
			ExecutionOrderSort2 (0ms)
			AwakeInstancesAfterBackupRestoration (4ms)
Platform modules already initialized, skipping
Refreshing native plugins compatible for Editor in 1.65 ms, found 3 plugins.
Preloading 0 native plugins for Editor in 0.00 ms.
Unloading 3078 Unused Serialized files (Serialized files now loaded: 0)
Unloading 15 unused Assets / (24.5 KB). Loaded Objects now: 3577.
Memory consumption went from 189.5 MB to 189.4 MB.
Total: 2.826100 ms (FindLiveObjects: 0.344600 ms CreateObjectMapping: 0.122700 ms MarkObjects: 2.329600 ms  DeleteObjects: 0.028200 ms)

AssetImportParameters requested are different than current active one (requested -> active):
  custom:video-decoder-ogg-theora: a1e56fd34408186e4bbccfd4996cb3dc -> 
  custom:container-muxer-webm: aa71ff27fc2769a1b78a27578f13a17b -> 
  custom:container-demuxer-webm: 4f35f7cbe854078d1ac9338744f61a02 -> 
  custom:video-encoder-webm-vp8: eb34c28f22e8b96e1ab97ce403110664 -> 
  custom:video-codec-MediaFoundation-h265: 746d11721c4dcdbdad8f713fa42b33f4 -> 
  custom:audio-encoder-webm-vorbis: bf7c407c2cedff20999df2af8eb42d56 -> 
  custom:framework-win-MediaFoundation: 216162199b28c13a410421893ffa2e32 -> 
  custom:container-demuxer-ogg: 62fdf1f143b41e24485cea50d1cbac27 -> 
  custom:video-decoder-webm-vp8: 9c59270c3fd7afecdb556c50c9e8de78 -> 
  custom:audio-decoder-ogg-vorbis: bf7c407c2cedff20999df2af8eb42d56 -> 
========================================================================
Received Import Request.
  Time since last request: 4.143739 seconds.
  path: Assets/Game/Prefab/Boomerang.prefab
  artifactKey: Guid(c1882878035aacf4b9f751c0d8ec6b37) Importer(815301076,1909f56bfc062723c751e8b465ee728b)
Start importing Assets/Game/Prefab/Boomerang.prefab using Guid(c1882878035aacf4b9f751c0d8ec6b37) Importer(815301076,1909f56bfc062723c751e8b465ee728b)  -> (artifact id: 'cc36d4525c9f75e52621ef2d29e174d8') in 0.057521 seconds 
========================================================================
Received Import Request.
  Time since last request: 65.591476 seconds.
  path: Assets/Documents/Bitgem/Jungle_Cube/Source/palm_tree_small_red_LOD_group.fbx
  artifactKey: Guid(e6bd9e13059a54505998eb121750ba28) Importer(815301076,1909f56bfc062723c751e8b465ee728b)
Start importing Assets/Documents/Bitgem/Jungle_Cube/Source/palm_tree_small_red_LOD_group.fbx using Guid(e6bd9e13059a54505998eb121750ba28) Importer(815301076,1909f56bfc062723c751e8b465ee728b)  -> (artifact id: '5d7530e0595399eea4e01b4c17e1ec0e') in 0.083251 seconds 
========================================================================
Received Import Request.
  Time since last request: 1.120479 seconds.
  path: Assets/Documents/Bitgem/Jungle_Cube/Source/lotus_leaf_small_LOD_group.fbx
  artifactKey: Guid(6088c0ad8220e4f59b5e26c58dff07d5) Importer(815301076,1909f56bfc062723c751e8b465ee728b)
Start importing Assets/Documents/Bitgem/Jungle_Cube/Source/lotus_leaf_small_LOD_group.fbx using Guid(6088c0ad8220e4f59b5e26c58dff07d5) Importer(815301076,1909f56bfc062723c751e8b465ee728b)  -> (artifact id: '5a31e7d3fc785210f4fa255e7ac571bb') in 0.035538 seconds 
========================================================================
Received Import Request.
  Time since last request: 0.056744 seconds.
  path: Assets/Documents/Bitgem/Jungle_Cube/Source/lotus_flower_pink_LOD_group.fbx
  artifactKey: Guid(bf8b6fa60bbc649309f76b4174ff2e3b) Importer(815301076,1909f56bfc062723c751e8b465ee728b)
Start importing Assets/Documents/Bitgem/Jungle_Cube/Source/lotus_flower_pink_LOD_group.fbx using Guid(bf8b6fa60bbc649309f76b4174ff2e3b) Importer(815301076,1909f56bfc062723c751e8b465ee728b)  -> (artifact id: '1ef740a4000b08989124ba06873cf6ce') in 0.040850 seconds 
========================================================================
Received Import Request.
  Time since last request: 0.000025 seconds.
  path: Assets/Documents/Bitgem/Jungle_Cube/Source/lotus_leaf_big_LOD_group.fbx
  artifactKey: Guid(5259dff4867704d89af6613aeacba7ef) Importer(815301076,1909f56bfc062723c751e8b465ee728b)
Start importing Assets/Documents/Bitgem/Jungle_Cube/Source/lotus_leaf_big_LOD_group.fbx using Guid(5259dff4867704d89af6613aeacba7ef) Importer(815301076,1909f56bfc062723c751e8b465ee728b)  -> (artifact id: '2649cee0da006ace2075995f32ae8cf8') in 0.039492 seconds 
========================================================================
Received Import Request.
  Time since last request: 0.000034 seconds.
  path: Assets/Documents/Bitgem/Cube_World/Powerups/Source/block_random.fbx
  artifactKey: Guid(0bd4fcf1c9a959a44b1976c819475776) Importer(815301076,1909f56bfc062723c751e8b465ee728b)
Start importing Assets/Documents/Bitgem/Cube_World/Powerups/Source/block_random.fbx using Guid(0bd4fcf1c9a959a44b1976c819475776) Importer(815301076,1909f56bfc062723c751e8b465ee728b)  -> (artifact id: '5cf326c926f5c48591adfd28d277544c') in 0.080061 seconds 
========================================================================
Received Import Request.
  Time since last request: 0.000019 seconds.
  path: Assets/Documents/Bitgem/Cube_World/Tree/Source/log4_LOD_group.fbx
  artifactKey: Guid(01227628d8b72439185ad5aed1e887ca) Importer(815301076,1909f56bfc062723c751e8b465ee728b)
Start importing Assets/Documents/Bitgem/Cube_World/Tree/Source/log4_LOD_group.fbx using Guid(01227628d8b72439185ad5aed1e887ca) Importer(815301076,1909f56bfc062723c751e8b465ee728b)  -> (artifact id: '2f487eca346b8dc60e721c3c4fab83a1') in 0.048385 seconds 
========================================================================
Received Import Request.
  Time since last request: 0.000018 seconds.
  path: Assets/Documents/Bitgem/Jungle_Cube/Source/log2_LOD_group.fbx
  artifactKey: Guid(ef04aab29e58248b29e669055cc6d2ee) Importer(815301076,1909f56bfc062723c751e8b465ee728b)
Start importing Assets/Documents/Bitgem/Jungle_Cube/Source/log2_LOD_group.fbx using Guid(ef04aab29e58248b29e669055cc6d2ee) Importer(815301076,1909f56bfc062723c751e8b465ee728b)  -> (artifact id: 'b04e9955eda1b6703216b73af01abfcd') in 0.049915 seconds 
========================================================================
Received Import Request.
  Time since last request: 0.000021 seconds.
  path: Assets/Documents/Bitgem/Cube_World/Powerups/Source/block_health.fbx
  artifactKey: Guid(652c35b79eef0b14eaa9556e944f663e) Importer(815301076,1909f56bfc062723c751e8b465ee728b)
Start importing Assets/Documents/Bitgem/Cube_World/Powerups/Source/block_health.fbx using Guid(652c35b79eef0b14eaa9556e944f663e) Importer(815301076,1909f56bfc062723c751e8b465ee728b)  -> (artifact id: '54690efe9ffb7734ab18017a5dc8d7b0') in 0.052995 seconds 
========================================================================
Received Import Request.
  Time since last request: 0.000024 seconds.
  path: Assets/Documents/Bitgem/Jungle_Cube/Source/log4_LOD_group.fbx
  artifactKey: Guid(ac274014546384738beb8fadd906eb49) Importer(815301076,1909f56bfc062723c751e8b465ee728b)
Start importing Assets/Documents/Bitgem/Jungle_Cube/Source/log4_LOD_group.fbx using Guid(ac274014546384738beb8fadd906eb49) Importer(815301076,1909f56bfc062723c751e8b465ee728b)  -> (artifact id: '680354e5203d1b5e6f0bfec55de4e9c9') in 0.049290 seconds 
========================================================================
Received Import Request.
  Time since last request: 0.000041 seconds.
  path: Assets/Documents/Bitgem/Cube_World/Tree/Source/log1_LOD_group.fbx
  artifactKey: Guid(3fe632a2e1b0b466ab55e6576ff848fd) Importer(815301076,1909f56bfc062723c751e8b465ee728b)
Start importing Assets/Documents/Bitgem/Cube_World/Tree/Source/log1_LOD_group.fbx using Guid(3fe632a2e1b0b466ab55e6576ff848fd) Importer(815301076,1909f56bfc062723c751e8b465ee728b)  -> (artifact id: 'fdc6b3a32dcdbf7e20c267e840c1fd6c') in 0.043101 seconds 
========================================================================
Received Import Request.
  Time since last request: 0.000023 seconds.
  path: Assets/Documents/Bitgem/Jungle_Cube/Source/log3_LOD_group.fbx
  artifactKey: Guid(f80272be20a3e4384a2b627a94b514c4) Importer(815301076,1909f56bfc062723c751e8b465ee728b)
Start importing Assets/Documents/Bitgem/Jungle_Cube/Source/log3_LOD_group.fbx using Guid(f80272be20a3e4384a2b627a94b514c4) Importer(815301076,1909f56bfc062723c751e8b465ee728b)  -> (artifact id: '13371c7dbe64784dd99c525bcfabe8d3') in 0.042122 seconds 
========================================================================
Received Import Request.
  Time since last request: 0.000031 seconds.
  path: Assets/Documents/Bitgem/Cube_World/Tree/Source/log2_LOD_group.fbx
  artifactKey: Guid(05abdb273b8be4506ab47bf16035aa45) Importer(815301076,1909f56bfc062723c751e8b465ee728b)
Start importing Assets/Documents/Bitgem/Cube_World/Tree/Source/log2_LOD_group.fbx using Guid(05abdb273b8be4506ab47bf16035aa45) Importer(815301076,1909f56bfc062723c751e8b465ee728b)  -> (artifact id: '3e37539e6e1c16107df57ead05c2d2af') in 0.045212 seconds 
Editor requested this worker to shutdown with reason: Scaling down because of idle timeout
AssetImportWorker is now disconnected from the server
Process exiting
Exiting without the bug reporter. Application will terminate with return code 0