Using pre-set license
Built from '2021.3/staging' branch; Version is '2021.3.26f1 (a16dc32e0ff2) revision 10579395'; Using compiler version '192829333'; Build Type 'Release'
OS: 'Windows 11  (10.0.22621) 64bit CoreSingleLanguage' Language: 'en' Physical Memory: 15613 MB
BatchMode: 1, IsHumanControllingUs: 0, StartBugReporterOnCrash: 0, Is64bit: 1, IsPro: 1

COMMAND LINE ARGUMENTS:
E:\unity\2021.3.26f1\Editor\Unity.exe
-adb2
-batchMode
-noUpm
-name
AssetImportWorker1
-projectPath
E:/github/MoveStopMove_Tuyen/MoveStopMove_Tuyen
-logFile
Logs/AssetImportWorker1.log
-srvPort
63017
Successfully changed project path to: E:/github/MoveStopMove_Tuyen/MoveStopMove_Tuyen
E:/github/MoveStopMove_Tuyen/MoveStopMove_Tuyen
[UnityMemory] Configuration Parameters - Can be set up in boot.config
    "memorysetup-bucket-allocator-granularity=16"
    "memorysetup-bucket-allocator-bucket-count=8"
    "memorysetup-bucket-allocator-block-size=33554432"
    "memorysetup-bucket-allocator-block-count=8"
    "memorysetup-main-allocator-block-size=16777216"
    "memorysetup-thread-allocator-block-size=16777216"
    "memorysetup-gfx-main-allocator-block-size=16777216"
    "memorysetup-gfx-thread-allocator-block-size=16777216"
    "memorysetup-cache-allocator-block-size=4194304"
    "memorysetup-typetree-allocator-block-size=2097152"
    "memorysetup-profiler-bucket-allocator-granularity=16"
    "memorysetup-profiler-bucket-allocator-bucket-count=8"
    "memorysetup-profiler-bucket-allocator-block-size=33554432"
    "memorysetup-profiler-bucket-allocator-block-count=8"
    "memorysetup-profiler-allocator-block-size=16777216"
    "memorysetup-profiler-editor-allocator-block-size=1048576"
    "memorysetup-temp-allocator-size-main=16777216"
    "memorysetup-job-temp-allocator-block-size=2097152"
    "memorysetup-job-temp-allocator-block-size-background=1048576"
    "memorysetup-job-temp-allocator-reduction-small-platforms=262144"
    "memorysetup-temp-allocator-size-background-worker=32768"
    "memorysetup-temp-allocator-size-job-worker=262144"
    "memorysetup-temp-allocator-size-preload-manager=33554432"
    "memorysetup-temp-allocator-size-nav-mesh-worker=65536"
    "memorysetup-temp-allocator-size-audio-worker=65536"
    "memorysetup-temp-allocator-size-cloud-worker=32768"
    "memorysetup-temp-allocator-size-gi-baking-worker=262144"
    "memorysetup-temp-allocator-size-gfx=262144"
Player connection [5328] Host "[IP] 192.168.1.73 [Port] 0 [Flags] 2 [Guid] 2362668654 [EditorId] 2362668654 [Version] 1048832 [Id] WindowsEditor(7,bin1st090104) [Debug] 1 [PackageName] WindowsEditor [ProjectName] Editor" joined multi-casting on [225.0.0.222:54997]...

Player connection [5328] Host "[IP] 192.168.1.73 [Port] 0 [Flags] 2 [Guid] 2362668654 [EditorId] 2362668654 [Version] 1048832 [Id] WindowsEditor(7,bin1st090104) [Debug] 1 [PackageName] WindowsEditor [ProjectName] Editor" joined alternative multi-casting on [225.0.0.222:34997]...

Refreshing native plugins compatible for Editor in 62.54 ms, found 3 plugins.
Preloading 0 native plugins for Editor in 0.00 ms.
Initialize engine version: 2021.3.26f1 (a16dc32e0ff2)
[Subsystems] Discovering subsystems at path E:/unity/2021.3.26f1/Editor/Data/Resources/UnitySubsystems
[Subsystems] Discovering subsystems at path E:/github/MoveStopMove_Tuyen/MoveStopMove_Tuyen/Assets
GfxDevice: creating device client; threaded=0; jobified=0
Direct3D:
    Version:  Direct3D 11.0 [level 11.1]
    Renderer: NVIDIA GeForce RTX 3050 Laptop GPU (ID=0x25a2)
    Vendor:   NVIDIA
    VRAM:     3977 MB
    Driver:   31.0.15.3168
Initialize mono
Mono path[0] = 'E:/unity/2021.3.26f1/Editor/Data/Managed'
Mono path[1] = 'E:/unity/2021.3.26f1/Editor/Data/MonoBleedingEdge/lib/mono/unityjit-win32'
Mono config path = 'E:/unity/2021.3.26f1/Editor/Data/MonoBleedingEdge/etc'
Using monoOptions --debugger-agent=transport=dt_socket,embedding=1,server=y,suspend=n,address=127.0.0.1:56636
Begin MonoManager ReloadAssembly
Registering precompiled unity dll's ...
Register platform support module: E:/unity/2021.3.26f1/Editor/Data/PlaybackEngines/WebGLSupport/UnityEditor.WebGL.Extensions.dll
Register platform support module: E:/unity/2021.3.26f1/Editor/Data/PlaybackEngines/AndroidPlayer/UnityEditor.Android.Extensions.dll
Register platform support module: E:/unity/2021.3.26f1/Editor/Data/PlaybackEngines/WindowsStandaloneSupport/UnityEditor.WindowsStandalone.Extensions.dll
Registered in 0.001517 seconds.
Native extension for WindowsStandalone target not found
Native extension for Android target not found
Android Extension - Scanning For ADB Devices 211 ms
Native extension for WebGL target not found
Refreshing native plugins compatible for Editor in 74.00 ms, found 3 plugins.
Preloading 0 native plugins for Editor in 0.00 ms.
Mono: successfully reloaded assembly
- Completed reload, in  0.738 seconds
Domain Reload Profiling:
	ReloadAssembly (739ms)
		BeginReloadAssembly (60ms)
			ExecutionOrderSort (0ms)
			DisableScriptedObjects (0ms)
			BackupInstance (0ms)
			ReleaseScriptingObjects (0ms)
			CreateAndSetChildDomain (1ms)
		EndReloadAssembly (610ms)
			LoadAssemblies (60ms)
			RebuildTransferFunctionScriptingTraits (0ms)
			SetupTypeCache (86ms)
			ReleaseScriptCaches (0ms)
			RebuildScriptCaches (20ms)
			SetupLoadedEditorAssemblies (467ms)
				LogAssemblyErrors (0ms)
				InitializePlatformSupportModulesInManaged (282ms)
				SetLoadedEditorAssemblies (0ms)
				RefreshPlugins (74ms)
				BeforeProcessingInitializeOnLoad (1ms)
				ProcessInitializeOnLoadAttributes (69ms)
				ProcessInitializeOnLoadMethodAttributes (40ms)
				AfterProcessingInitializeOnLoad (0ms)
				EditorAssembliesLoaded (0ms)
			ExecutionOrderSort2 (0ms)
			AwakeInstancesAfterBackupRestoration (0ms)
Platform modules already initialized, skipping
Registering precompiled user dll's ...
Registered in 0.002125 seconds.
Begin MonoManager ReloadAssembly
Symbol file LoadedFromMemory doesn't match image E:\github\MoveStopMove_Tuyen\MoveStopMove_Tuyen\Library\PackageCache\com.unity.visualscripting@1.8.0\Editor\VisualScripting.Core\Dependencies\YamlDotNet\Unity.VisualScripting.YamlDotNet.dll
Symbol file LoadedFromMemory doesn't match image E:\github\MoveStopMove_Tuyen\MoveStopMove_Tuyen\Library\PackageCache\com.unity.visualscripting@1.8.0\Editor\VisualScripting.Core\Dependencies\DotNetZip\Unity.VisualScripting.IonicZip.dll
Native extension for WindowsStandalone target not found
Native extension for Android target not found
Native extension for WebGL target not found
Refreshing native plugins compatible for Editor in 0.89 ms, found 3 plugins.
Preloading 0 native plugins for Editor in 0.00 ms.
Mono: successfully reloaded assembly
- Completed reload, in  0.769 seconds
Domain Reload Profiling:
	ReloadAssembly (770ms)
		BeginReloadAssembly (86ms)
			ExecutionOrderSort (0ms)
			DisableScriptedObjects (5ms)
			BackupInstance (0ms)
			ReleaseScriptingObjects (0ms)
			CreateAndSetChildDomain (20ms)
		EndReloadAssembly (605ms)
			LoadAssemblies (54ms)
			RebuildTransferFunctionScriptingTraits (0ms)
			SetupTypeCache (215ms)
			ReleaseScriptCaches (0ms)
			RebuildScriptCaches (41ms)
			SetupLoadedEditorAssemblies (259ms)
				LogAssemblyErrors (0ms)
				InitializePlatformSupportModulesInManaged (15ms)
				SetLoadedEditorAssemblies (0ms)
				RefreshPlugins (1ms)
				BeforeProcessingInitializeOnLoad (54ms)
				ProcessInitializeOnLoadAttributes (170ms)
				ProcessInitializeOnLoadMethodAttributes (15ms)
				AfterProcessingInitializeOnLoad (2ms)
				EditorAssembliesLoaded (0ms)
			ExecutionOrderSort2 (0ms)
			AwakeInstancesAfterBackupRestoration (5ms)
Platform modules already initialized, skipping
========================================================================
Worker process is ready to serve import requests
Launched and connected shader compiler UnityShaderCompiler.exe after 0.04 seconds
Refreshing native plugins compatible for Editor in 1.25 ms, found 3 plugins.
Preloading 0 native plugins for Editor in 0.00 ms.
Unloading 3077 Unused Serialized files (Serialized files now loaded: 0)
Unloading 22 unused Assets / (49.2 MB). Loaded Objects now: 3555.
Memory consumption went from 190.4 MB to 141.2 MB.
Total: 4.372400 ms (FindLiveObjects: 0.269300 ms CreateObjectMapping: 0.095800 ms MarkObjects: 3.921400 ms  DeleteObjects: 0.084900 ms)

AssetImportParameters requested are different than current active one (requested -> active):
  custom:video-decoder-ogg-theora: a1e56fd34408186e4bbccfd4996cb3dc -> 
  custom:container-muxer-webm: aa71ff27fc2769a1b78a27578f13a17b -> 
  custom:container-demuxer-webm: 4f35f7cbe854078d1ac9338744f61a02 -> 
  custom:video-encoder-webm-vp8: eb34c28f22e8b96e1ab97ce403110664 -> 
  custom:video-codec-MediaFoundation-h265: 746d11721c4dcdbdad8f713fa42b33f4 -> 
  custom:audio-encoder-webm-vorbis: bf7c407c2cedff20999df2af8eb42d56 -> 
  custom:framework-win-MediaFoundation: 216162199b28c13a410421893ffa2e32 -> 
  custom:container-demuxer-ogg: 62fdf1f143b41e24485cea50d1cbac27 -> 
  custom:video-decoder-webm-vp8: 9c59270c3fd7afecdb556c50c9e8de78 -> 
  custom:audio-decoder-ogg-vorbis: bf7c407c2cedff20999df2af8eb42d56 -> 
========================================================================
Received Import Request.
  Time since last request: 820187.082778 seconds.
  path: Assets/Documents/Bitgem/Cube_World/Switch/Source/lever_wall.fbx
  artifactKey: Guid(6a6ba5da380fd3c42b4eca4da1d2d6ae) Importer(815301076,1909f56bfc062723c751e8b465ee728b)
Start importing Assets/Documents/Bitgem/Cube_World/Switch/Source/lever_wall.fbx using Guid(6a6ba5da380fd3c42b4eca4da1d2d6ae) Importer(815301076,1909f56bfc062723c751e8b465ee728b)  -> (artifact id: '726cd2a85839c3881762de0e8c743f66') in 0.172246 seconds 
========================================================================
Received Import Request.
  Time since last request: 0.721201 seconds.
  path: Assets/Documents/Bitgem/Jungle_Cube/Source/block_stone_torch_LOD_group.fbx
  artifactKey: Guid(736bb508425334913aca81ed8867d1c3) Importer(815301076,1909f56bfc062723c751e8b465ee728b)
Start importing Assets/Documents/Bitgem/Jungle_Cube/Source/block_stone_torch_LOD_group.fbx using Guid(736bb508425334913aca81ed8867d1c3) Importer(815301076,1909f56bfc062723c751e8b465ee728b)  -> (artifact id: '0f706310312796d5073f1c6d9ecdebec') in 0.078920 seconds 
========================================================================
Received Import Request.
  Time since last request: 8.111183 seconds.
  path: Assets/Documents/Bitgem/Jungle_Cube/Source/big_tree_foliage_single_LOD_group.fbx
  artifactKey: Guid(82507db03ff7c420abceb238fed6cb33) Importer(815301076,1909f56bfc062723c751e8b465ee728b)
Start importing Assets/Documents/Bitgem/Jungle_Cube/Source/big_tree_foliage_single_LOD_group.fbx using Guid(82507db03ff7c420abceb238fed6cb33) Importer(815301076,1909f56bfc062723c751e8b465ee728b)  -> (artifact id: '505fd25ba2f86956c6ea0b3bb5b9f52c') in 0.080561 seconds 
========================================================================
Received Import Request.
  Time since last request: 2.359979 seconds.
  path: Assets/Documents/Bitgem/Jungle_Cube/Source/block_stone1_3_debris_LOD_group.fbx
  artifactKey: Guid(56428da7ce1c34c16a1f3581a9af0b5a) Importer(815301076,1909f56bfc062723c751e8b465ee728b)
Start importing Assets/Documents/Bitgem/Jungle_Cube/Source/block_stone1_3_debris_LOD_group.fbx using Guid(56428da7ce1c34c16a1f3581a9af0b5a) Importer(815301076,1909f56bfc062723c751e8b465ee728b)  -> (artifact id: '646a1a9f58bcc6b106082eb8651ca819') in 0.059366 seconds 
========================================================================
Received Import Request.
  Time since last request: 0.000017 seconds.
  path: Assets/Documents/Bitgem/Jungle_Cube/Source/block_stone1_3_half_light_LOD_group.fbx
  artifactKey: Guid(3609989ebdf6c460cb04fdfc2c6eddba) Importer(815301076,1909f56bfc062723c751e8b465ee728b)
Start importing Assets/Documents/Bitgem/Jungle_Cube/Source/block_stone1_3_half_light_LOD_group.fbx using Guid(3609989ebdf6c460cb04fdfc2c6eddba) Importer(815301076,1909f56bfc062723c751e8b465ee728b)  -> (artifact id: '38a0ba4d02b12f3f38358e1d24d03d25') in 0.065372 seconds 
========================================================================
Received Import Request.
  Time since last request: 0.302988 seconds.
  path: Assets/Documents/Bitgem/Jungle_Cube/Source/block_stone1_3_LOD_group.fbx
  artifactKey: Guid(cfd30392e36204b29b9cf2896554606a) Importer(815301076,1909f56bfc062723c751e8b465ee728b)
Start importing Assets/Documents/Bitgem/Jungle_Cube/Source/block_stone1_3_LOD_group.fbx using Guid(cfd30392e36204b29b9cf2896554606a) Importer(815301076,1909f56bfc062723c751e8b465ee728b)  -> (artifact id: '5c4e1693c375d15282997824f2f2e647') in 0.058787 seconds 
========================================================================
Received Import Request.
  Time since last request: 0.000018 seconds.
  path: Assets/Documents/Bitgem/Jungle_Cube/Source/block_stone1_4_LOD_group.fbx
  artifactKey: Guid(e6a1e339598c04220b8f55dd059ee9a5) Importer(815301076,1909f56bfc062723c751e8b465ee728b)
Start importing Assets/Documents/Bitgem/Jungle_Cube/Source/block_stone1_4_LOD_group.fbx using Guid(e6a1e339598c04220b8f55dd059ee9a5) Importer(815301076,1909f56bfc062723c751e8b465ee728b)  -> (artifact id: '5879527f4cfc1dba47d91bc2ad530cec') in 0.053364 seconds 
========================================================================
Received Import Request.
  Time since last request: 0.360199 seconds.
  path: Assets/Documents/Bitgem/Jungle_Cube/Source/block_stone1_6_LOD_group.fbx
  artifactKey: Guid(b47e6eb81ffd6417e9144b5a28ac3d1b) Importer(815301076,1909f56bfc062723c751e8b465ee728b)
Start importing Assets/Documents/Bitgem/Jungle_Cube/Source/block_stone1_6_LOD_group.fbx using Guid(b47e6eb81ffd6417e9144b5a28ac3d1b) Importer(815301076,1909f56bfc062723c751e8b465ee728b)  -> (artifact id: 'b023676f4cf35ec32c994653a4c20182') in 0.045449 seconds 
========================================================================
Received Import Request.
  Time since last request: 0.000018 seconds.
  path: Assets/Documents/Bitgem/Jungle_Cube/Source/block_stone1_8_LOD_group.fbx
  artifactKey: Guid(655bbec6afcac4b6aa01a32d62b77af2) Importer(815301076,1909f56bfc062723c751e8b465ee728b)
Start importing Assets/Documents/Bitgem/Jungle_Cube/Source/block_stone1_8_LOD_group.fbx using Guid(655bbec6afcac4b6aa01a32d62b77af2) Importer(815301076,1909f56bfc062723c751e8b465ee728b)  -> (artifact id: '7671ce048402a4f4846cf8ed29bc1cf6') in 0.048425 seconds 
========================================================================
Received Import Request.
  Time since last request: 0.435176 seconds.
  path: Assets/Documents/Bitgem/Jungle_Cube/Source/block_stone1_10_LOD_group.fbx
  artifactKey: Guid(f6f9f38636cd545c6945a35fe9541b5b) Importer(815301076,1909f56bfc062723c751e8b465ee728b)
Start importing Assets/Documents/Bitgem/Jungle_Cube/Source/block_stone1_10_LOD_group.fbx using Guid(f6f9f38636cd545c6945a35fe9541b5b) Importer(815301076,1909f56bfc062723c751e8b465ee728b)  -> (artifact id: '8669637148a71060383e469edda8729c') in 0.041595 seconds 
========================================================================
Received Import Request.
  Time since last request: 0.000014 seconds.
  path: Assets/Documents/Bitgem/Jungle_Cube/Source/block_stone_large1_LOD_group.fbx
  artifactKey: Guid(06aed493cf9e445108f2371c56bae6da) Importer(815301076,1909f56bfc062723c751e8b465ee728b)
Start importing Assets/Documents/Bitgem/Jungle_Cube/Source/block_stone_large1_LOD_group.fbx using Guid(06aed493cf9e445108f2371c56bae6da) Importer(815301076,1909f56bfc062723c751e8b465ee728b)  -> (artifact id: '6b515b4d318e945924d7e695ce04b2c4') in 0.047355 seconds 
========================================================================
Received Import Request.
  Time since last request: 0.000020 seconds.
  path: Assets/Documents/Bitgem/Jungle_Cube/Source/block_stone_large3_LOD_group.fbx
  artifactKey: Guid(86163051fac5a492e8e95bbdea3c7584) Importer(815301076,1909f56bfc062723c751e8b465ee728b)
Start importing Assets/Documents/Bitgem/Jungle_Cube/Source/block_stone_large3_LOD_group.fbx using Guid(86163051fac5a492e8e95bbdea3c7584) Importer(815301076,1909f56bfc062723c751e8b465ee728b)  -> (artifact id: '1dbf23f126c9ed1a620fd96df3db1180') in 0.049090 seconds 
========================================================================
Received Import Request.
  Time since last request: 0.290576 seconds.
  path: Assets/Documents/Bitgem/Jungle_Cube/Source/block_stone_large5_LOD_group.fbx
  artifactKey: Guid(368c8802134dc42e8ad8a4c0932e6801) Importer(815301076,1909f56bfc062723c751e8b465ee728b)
Start importing Assets/Documents/Bitgem/Jungle_Cube/Source/block_stone_large5_LOD_group.fbx using Guid(368c8802134dc42e8ad8a4c0932e6801) Importer(815301076,1909f56bfc062723c751e8b465ee728b)  -> (artifact id: 'f5f5fef6b6a939dfad88e55f619f1562') in 0.046680 seconds 
========================================================================
Received Import Request.
  Time since last request: 1.746046 seconds.
  path: Assets/Documents/Bitgem/Jungle_Cube/Source/bone_LOD_group.fbx
  artifactKey: Guid(a35d7d47e9e8a4f3dacc2b745b29a205) Importer(815301076,1909f56bfc062723c751e8b465ee728b)
Start importing Assets/Documents/Bitgem/Jungle_Cube/Source/bone_LOD_group.fbx using Guid(a35d7d47e9e8a4f3dacc2b745b29a205) Importer(815301076,1909f56bfc062723c751e8b465ee728b)  -> (artifact id: '54c26b8e67e69666dc5e9ff6d9a3ce43') in 0.053382 seconds 
========================================================================
Received Import Request.
  Time since last request: 0.233636 seconds.
  path: Assets/Documents/Bitgem/Jungle_Cube/Source/bone_skull_LOD_group.fbx
  artifactKey: Guid(2fffb1b834d83481789ee171f211303d) Importer(815301076,1909f56bfc062723c751e8b465ee728b)
Start importing Assets/Documents/Bitgem/Jungle_Cube/Source/bone_skull_LOD_group.fbx using Guid(2fffb1b834d83481789ee171f211303d) Importer(815301076,1909f56bfc062723c751e8b465ee728b)  -> (artifact id: 'cda9ee4b6f222154e18ea670a14beaaf') in 0.081391 seconds 
========================================================================
Received Import Request.
  Time since last request: 7.682297 seconds.
  path: Assets/Documents/Bitgem/Jungle_Cube/Source/dandelion_flower_and_ball_LOD_group.fbx
  artifactKey: Guid(fb91ecf9abb044765845a9cb3f3c36e9) Importer(815301076,1909f56bfc062723c751e8b465ee728b)
Start importing Assets/Documents/Bitgem/Jungle_Cube/Source/dandelion_flower_and_ball_LOD_group.fbx using Guid(fb91ecf9abb044765845a9cb3f3c36e9) Importer(815301076,1909f56bfc062723c751e8b465ee728b)  -> (artifact id: '739a3494b977ba98cd922825a89a308f') in 0.057968 seconds 
========================================================================
Received Import Request.
  Time since last request: 0.000019 seconds.
  path: Assets/Documents/Bitgem/Jungle_Cube/Source/dandelion_flower_big_and_small_LOD_group.fbx
  artifactKey: Guid(5ad9f5b78c11a4830a9888d94cb82bb9) Importer(815301076,1909f56bfc062723c751e8b465ee728b)
Start importing Assets/Documents/Bitgem/Jungle_Cube/Source/dandelion_flower_big_and_small_LOD_group.fbx using Guid(5ad9f5b78c11a4830a9888d94cb82bb9) Importer(815301076,1909f56bfc062723c751e8b465ee728b)  -> (artifact id: '2aa4207e33219ab77df9d81d7bd17509') in 0.056692 seconds 
========================================================================
Received Import Request.
  Time since last request: 4.315740 seconds.
  path: Assets/Documents/Bitgem/Cube_World/Wood/Source/door_wood_light.fbx
  artifactKey: Guid(cace7024b800fa44a86bfbaaa3b3a828) Importer(815301076,1909f56bfc062723c751e8b465ee728b)
Start importing Assets/Documents/Bitgem/Cube_World/Wood/Source/door_wood_light.fbx using Guid(cace7024b800fa44a86bfbaaa3b3a828) Importer(815301076,1909f56bfc062723c751e8b465ee728b)  -> (artifact id: 'b20307ac1c157e711e85a49c8fb5579f') in 0.051858 seconds 
========================================================================
Received Import Request.
  Time since last request: 0.000018 seconds.
  path: Assets/Documents/Bitgem/Cube_World/Wood/Source/door_wood.fbx
  artifactKey: Guid(321878f62c09c1e4dac82b8115faef85) Importer(815301076,1909f56bfc062723c751e8b465ee728b)
Start importing Assets/Documents/Bitgem/Cube_World/Wood/Source/door_wood.fbx using Guid(321878f62c09c1e4dac82b8115faef85) Importer(815301076,1909f56bfc062723c751e8b465ee728b)  -> (artifact id: 'fbb38a1bbb80b59bbfd700fc60c5f960') in 0.057801 seconds 
========================================================================
Received Import Request.
  Time since last request: 0.130172 seconds.
  path: Assets/Documents/Bitgem/Cube_World/Doors/Source/door_wood_rounded_right.fbx
  artifactKey: Guid(7af300c1dc5af3c4c823d64332001a4b) Importer(815301076,1909f56bfc062723c751e8b465ee728b)
Start importing Assets/Documents/Bitgem/Cube_World/Doors/Source/door_wood_rounded_right.fbx using Guid(7af300c1dc5af3c4c823d64332001a4b) Importer(815301076,1909f56bfc062723c751e8b465ee728b)  -> (artifact id: '573fe0f4fe4af112d18f8a618c1e497c') in 0.092844 seconds 
========================================================================
Received Import Request.
  Time since last request: 1.207607 seconds.
  path: Assets/Documents/Bitgem/Jungle_Cube/Source/drum_half_LOD_group.fbx
  artifactKey: Guid(dcd19c97a1cf64081822381da7942b47) Importer(815301076,1909f56bfc062723c751e8b465ee728b)
Start importing Assets/Documents/Bitgem/Jungle_Cube/Source/drum_half_LOD_group.fbx using Guid(dcd19c97a1cf64081822381da7942b47) Importer(815301076,1909f56bfc062723c751e8b465ee728b)  -> (artifact id: '2e6b7bd10addf30ea2a27f526ab919a9') in 0.041618 seconds 
========================================================================
Received Import Request.
  Time since last request: 0.000016 seconds.
  path: Assets/Documents/Bitgem/Jungle_Cube/Source/drum_LOD_group.fbx
  artifactKey: Guid(18782be3a3e374dcc8710740b7ea49f3) Importer(815301076,1909f56bfc062723c751e8b465ee728b)
Start importing Assets/Documents/Bitgem/Jungle_Cube/Source/drum_LOD_group.fbx using Guid(18782be3a3e374dcc8710740b7ea49f3) Importer(815301076,1909f56bfc062723c751e8b465ee728b)  -> (artifact id: 'e8f7d34d0002a72d74a48d98b3b3553e') in 0.043237 seconds 
========================================================================
Received Import Request.
  Time since last request: 1.332030 seconds.
  path: Assets/Documents/Bitgem/Jungle_Cube/Source/fern_tree_big_LOD_group.fbx
  artifactKey: Guid(c0dac28ca6afc4da696315baeb723ed3) Importer(815301076,1909f56bfc062723c751e8b465ee728b)
Start importing Assets/Documents/Bitgem/Jungle_Cube/Source/fern_tree_big_LOD_group.fbx using Guid(c0dac28ca6afc4da696315baeb723ed3) Importer(815301076,1909f56bfc062723c751e8b465ee728b)  -> (artifact id: '80d059eb78d19d118d1b326389781f5c') in 0.046706 seconds 
========================================================================
Received Import Request.
  Time since last request: 0.000022 seconds.
  path: Assets/Documents/Bitgem/Jungle_Cube/Source/fire_LOD_group.fbx
  artifactKey: Guid(e8dd4eb754be34990929dc722047de23) Importer(815301076,1909f56bfc062723c751e8b465ee728b)
Start importing Assets/Documents/Bitgem/Jungle_Cube/Source/fire_LOD_group.fbx using Guid(e8dd4eb754be34990929dc722047de23) Importer(815301076,1909f56bfc062723c751e8b465ee728b)  -> (artifact id: '336c4e250393860e74f63f187c7b5dda') in 0.051129 seconds 
========================================================================
Received Import Request.
  Time since last request: 0.490647 seconds.
  path: Assets/Documents/Bitgem/Jungle_Cube/Source/flower_double_red_LOD_group.fbx
  artifactKey: Guid(9e39386758a614ca8a41e77f8067c812) Importer(815301076,1909f56bfc062723c751e8b465ee728b)
Start importing Assets/Documents/Bitgem/Jungle_Cube/Source/flower_double_red_LOD_group.fbx using Guid(9e39386758a614ca8a41e77f8067c812) Importer(815301076,1909f56bfc062723c751e8b465ee728b)  -> (artifact id: 'cb4add3959e5bb84f208e746387f962f') in 0.039257 seconds 
========================================================================
Received Import Request.
  Time since last request: 0.621234 seconds.
  path: Assets/Documents/Bitgem/Jungle_Cube/Source/flower_red1_LOD_group.fbx
  artifactKey: Guid(5d5a5a9441ca64437baf8cd422c7b4e8) Importer(815301076,1909f56bfc062723c751e8b465ee728b)
Start importing Assets/Documents/Bitgem/Jungle_Cube/Source/flower_red1_LOD_group.fbx using Guid(5d5a5a9441ca64437baf8cd422c7b4e8) Importer(815301076,1909f56bfc062723c751e8b465ee728b)  -> (artifact id: '424c2fd3e0a57eb97c8bee5ec8a3ed10') in 0.039394 seconds 
========================================================================
Received Import Request.
  Time since last request: 1.084274 seconds.
  path: Assets/Documents/Bitgem/Jungle_Cube/Source/flower_single_white_LOD_group.fbx
  artifactKey: Guid(23382f7a48dfd49188e7b1ddb977aa62) Importer(815301076,1909f56bfc062723c751e8b465ee728b)
Start importing Assets/Documents/Bitgem/Jungle_Cube/Source/flower_single_white_LOD_group.fbx using Guid(23382f7a48dfd49188e7b1ddb977aa62) Importer(815301076,1909f56bfc062723c751e8b465ee728b)  -> (artifact id: 'aee64309adb7253157c3fa5869097e1e') in 0.053642 seconds 
========================================================================
Received Import Request.
  Time since last request: 0.045779 seconds.
  path: Assets/Documents/Bitgem/Jungle_Cube/Source/flower_trio_red_LOD_group.fbx
  artifactKey: Guid(81626e2a4cc934ae5a95d85b01c3a2b7) Importer(815301076,1909f56bfc062723c751e8b465ee728b)
Start importing Assets/Documents/Bitgem/Jungle_Cube/Source/flower_trio_red_LOD_group.fbx using Guid(81626e2a4cc934ae5a95d85b01c3a2b7) Importer(815301076,1909f56bfc062723c751e8b465ee728b)  -> (artifact id: 'd3869d656f471e827c913cb07a15aba5') in 0.062367 seconds 
========================================================================
Received Import Request.
  Time since last request: 0.676581 seconds.
  path: Assets/Documents/Bitgem/Cube_World/Stone/Source/flower_yellow_low.fbx
  artifactKey: Guid(a471d36e699327248b188e2cd6cc8f73) Importer(815301076,1909f56bfc062723c751e8b465ee728b)
Start importing Assets/Documents/Bitgem/Cube_World/Stone/Source/flower_yellow_low.fbx using Guid(a471d36e699327248b188e2cd6cc8f73) Importer(815301076,1909f56bfc062723c751e8b465ee728b)  -> (artifact id: 'bf515939a37cc3249fd24c971c891f77') in 0.035135 seconds 
========================================================================
Received Import Request.
  Time since last request: 0.968452 seconds.
  path: Assets/Documents/Bitgem/Cube_World/Tower_Defense/Source/generator_head_lvl4.fbx
  artifactKey: Guid(bd0896b793e484ebcbe97fac9f7a839e) Importer(815301076,1909f56bfc062723c751e8b465ee728b)
Start importing Assets/Documents/Bitgem/Cube_World/Tower_Defense/Source/generator_head_lvl4.fbx using Guid(bd0896b793e484ebcbe97fac9f7a839e) Importer(815301076,1909f56bfc062723c751e8b465ee728b)  -> (artifact id: '197c6b1d96872ef6875b34d172c69cd4') in 0.042857 seconds 
========================================================================
Received Import Request.
  Time since last request: 0.000021 seconds.
  path: Assets/Documents/Bitgem/Cube_World/Mining/Source/gold_block.fbx
  artifactKey: Guid(1178f1d7ee0632241831190fef4479e7) Importer(815301076,1909f56bfc062723c751e8b465ee728b)
Start importing Assets/Documents/Bitgem/Cube_World/Mining/Source/gold_block.fbx using Guid(1178f1d7ee0632241831190fef4479e7) Importer(815301076,1909f56bfc062723c751e8b465ee728b)  -> (artifact id: '55f490dd8b41e03d1f1b53b2303c0094') in 0.038382 seconds 
========================================================================
Received Import Request.
  Time since last request: 0.423406 seconds.
  path: Assets/Documents/Bitgem/Cube_World/Ground/Source/grass_deco_1.fbx
  artifactKey: Guid(ae0a03ed064bcbe4681e0fbb65965af0) Importer(815301076,1909f56bfc062723c751e8b465ee728b)
Start importing Assets/Documents/Bitgem/Cube_World/Ground/Source/grass_deco_1.fbx using Guid(ae0a03ed064bcbe4681e0fbb65965af0) Importer(815301076,1909f56bfc062723c751e8b465ee728b)  -> (artifact id: '367d23f6aa9e8939e0b94fb050db60b1') in 0.039026 seconds 
========================================================================
Received Import Request.
  Time since last request: 0.000025 seconds.
  path: Assets/Documents/Bitgem/Cube_World/Ground/Source/grass_deco_2.fbx
  artifactKey: Guid(43a5311f8fcc3f24ead2d1b970168dbe) Importer(815301076,1909f56bfc062723c751e8b465ee728b)
Start importing Assets/Documents/Bitgem/Cube_World/Ground/Source/grass_deco_2.fbx using Guid(43a5311f8fcc3f24ead2d1b970168dbe) Importer(815301076,1909f56bfc062723c751e8b465ee728b)  -> (artifact id: 'c28af6f72bf42b9580816713d23d2662') in 0.041490 seconds 
========================================================================
Received Import Request.
  Time since last request: 1.030463 seconds.
  path: Assets/Documents/Bitgem/Jungle_Cube/Source/grasstop1_deco_LOD_group.fbx
  artifactKey: Guid(82eb98bff98fe4bfab6a4cf3dcb00879) Importer(815301076,1909f56bfc062723c751e8b465ee728b)
Start importing Assets/Documents/Bitgem/Jungle_Cube/Source/grasstop1_deco_LOD_group.fbx using Guid(82eb98bff98fe4bfab6a4cf3dcb00879) Importer(815301076,1909f56bfc062723c751e8b465ee728b)  -> (artifact id: '9cb9c93bce5b2b9be8c61f533529c8f5') in 0.065141 seconds 
========================================================================
Received Import Request.
  Time since last request: 0.000027 seconds.
  path: Assets/Documents/Bitgem/Cube_World/Stone/Source/grasstop_deco.fbx
  artifactKey: Guid(6e4f498c6a9ad4b4a8967db12a1eb27f) Importer(815301076,1909f56bfc062723c751e8b465ee728b)
Start importing Assets/Documents/Bitgem/Cube_World/Stone/Source/grasstop_deco.fbx using Guid(6e4f498c6a9ad4b4a8967db12a1eb27f) Importer(815301076,1909f56bfc062723c751e8b465ee728b)  -> (artifact id: 'b1caddf32b795493db095c8cc2cdd355') in 0.074388 seconds 
========================================================================
Received Import Request.
  Time since last request: 3.171533 seconds.
  path: Assets/Documents/Bitgem/Cube_World/Snow/Source/icicle_1.fbx
  artifactKey: Guid(d243fec1fff52d54ba36f3b8d7f7fc7e) Importer(815301076,1909f56bfc062723c751e8b465ee728b)
Start importing Assets/Documents/Bitgem/Cube_World/Snow/Source/icicle_1.fbx using Guid(d243fec1fff52d54ba36f3b8d7f7fc7e) Importer(815301076,1909f56bfc062723c751e8b465ee728b)  -> (artifact id: '48aec5de9dbbeb0f88b4f93b270dfbaf') in 0.039327 seconds 
========================================================================
Received Import Request.
  Time since last request: 0.000022 seconds.
  path: Assets/Documents/Bitgem/Cube_World/Doors/Source/key_silver.fbx
  artifactKey: Guid(fb20978319c8646c99750132fe5ef394) Importer(815301076,1909f56bfc062723c751e8b465ee728b)
Start importing Assets/Documents/Bitgem/Cube_World/Doors/Source/key_silver.fbx using Guid(fb20978319c8646c99750132fe5ef394) Importer(815301076,1909f56bfc062723c751e8b465ee728b)  -> (artifact id: 'c70e872e5ddf5cdd43da3c73c5a64aed') in 0.045545 seconds 
========================================================================
Received Prepare
Registering precompiled user dll's ...
Registered in 0.002409 seconds.
Begin MonoManager ReloadAssembly
Symbol file LoadedFromMemory doesn't match image E:\github\MoveStopMove_Tuyen\MoveStopMove_Tuyen\Library\PackageCache\com.unity.visualscripting@1.8.0\Editor\VisualScripting.Core\Dependencies\YamlDotNet\Unity.VisualScripting.YamlDotNet.dll
Symbol file LoadedFromMemory doesn't match image E:\github\MoveStopMove_Tuyen\MoveStopMove_Tuyen\Library\PackageCache\com.unity.visualscripting@1.8.0\Editor\VisualScripting.Core\Dependencies\DotNetZip\Unity.VisualScripting.IonicZip.dll
Native extension for WindowsStandalone target not found
Native extension for Android target not found
Native extension for WebGL target not found
Refreshing native plugins compatible for Editor in 0.86 ms, found 3 plugins.
Preloading 0 native plugins for Editor in 0.00 ms.
Mono: successfully reloaded assembly
- Completed reload, in  0.781 seconds
Domain Reload Profiling:
	ReloadAssembly (781ms)
		BeginReloadAssembly (120ms)
			ExecutionOrderSort (0ms)
			DisableScriptedObjects (4ms)
			BackupInstance (0ms)
			ReleaseScriptingObjects (0ms)
			CreateAndSetChildDomain (37ms)
		EndReloadAssembly (587ms)
			LoadAssemblies (67ms)
			RebuildTransferFunctionScriptingTraits (0ms)
			SetupTypeCache (197ms)
			ReleaseScriptCaches (1ms)
			RebuildScriptCaches (32ms)
			SetupLoadedEditorAssemblies (248ms)
				LogAssemblyErrors (0ms)
				InitializePlatformSupportModulesInManaged (19ms)
				SetLoadedEditorAssemblies (0ms)
				RefreshPlugins (1ms)
				BeforeProcessingInitializeOnLoad (43ms)
				ProcessInitializeOnLoadAttributes (166ms)
				ProcessInitializeOnLoadMethodAttributes (17ms)
				AfterProcessingInitializeOnLoad (2ms)
				EditorAssembliesLoaded (0ms)
			ExecutionOrderSort2 (0ms)
			AwakeInstancesAfterBackupRestoration (6ms)
Platform modules already initialized, skipping
Refreshing native plugins compatible for Editor in 2.19 ms, found 3 plugins.
Preloading 0 native plugins for Editor in 0.00 ms.
Unloading 3067 Unused Serialized files (Serialized files now loaded: 0)
Unloading 15 unused Assets / (24.6 KB). Loaded Objects now: 3568.
Memory consumption went from 189.7 MB to 189.6 MB.
Total: 3.511100 ms (FindLiveObjects: 0.310400 ms CreateObjectMapping: 0.302900 ms MarkObjects: 2.870200 ms  DeleteObjects: 0.026300 ms)

AssetImportParameters requested are different than current active one (requested -> active):
  custom:video-decoder-ogg-theora: a1e56fd34408186e4bbccfd4996cb3dc -> 
  custom:container-muxer-webm: aa71ff27fc2769a1b78a27578f13a17b -> 
  custom:container-demuxer-webm: 4f35f7cbe854078d1ac9338744f61a02 -> 
  custom:video-encoder-webm-vp8: eb34c28f22e8b96e1ab97ce403110664 -> 
  custom:video-codec-MediaFoundation-h265: 746d11721c4dcdbdad8f713fa42b33f4 -> 
  custom:audio-encoder-webm-vorbis: bf7c407c2cedff20999df2af8eb42d56 -> 
  custom:framework-win-MediaFoundation: 216162199b28c13a410421893ffa2e32 -> 
  custom:container-demuxer-ogg: 62fdf1f143b41e24485cea50d1cbac27 -> 
  custom:video-decoder-webm-vp8: 9c59270c3fd7afecdb556c50c9e8de78 -> 
  custom:audio-decoder-ogg-vorbis: bf7c407c2cedff20999df2af8eb42d56 -> 
Editor requested this worker to shutdown with reason: Scaling down because of idle timeout
AssetImportWorker is now disconnected from the server
Process exiting
Exiting without the bug reporter. Application will terminate with return code 0