Using pre-set license
Built from '2021.3/staging' branch; Version is '2021.3.26f1 (a16dc32e0ff2) revision 10579395'; Using compiler version '192829333'; Build Type 'Release'
OS: 'Windows 11  (10.0.22621) 64bit CoreSingleLanguage' Language: 'en' Physical Memory: 15613 MB
BatchMode: 1, IsHumanControllingUs: 0, StartBugReporterOnCrash: 0, Is64bit: 1, IsPro: 1

COMMAND LINE ARGUMENTS:
E:\unity\2021.3.26f1\Editor\Unity.exe
-adb2
-batchMode
-noUpm
-name
AssetImportWorker0
-projectPath
E:/github/MoveStopMove_Tuyen/MoveStopMove_Tuyen
-logFile
Logs/AssetImportWorker0.log
-srvPort
63017
Successfully changed project path to: E:/github/MoveStopMove_Tuyen/MoveStopMove_Tuyen
E:/github/MoveStopMove_Tuyen/MoveStopMove_Tuyen
[UnityMemory] Configuration Parameters - Can be set up in boot.config
    "memorysetup-bucket-allocator-granularity=16"
    "memorysetup-bucket-allocator-bucket-count=8"
    "memorysetup-bucket-allocator-block-size=33554432"
    "memorysetup-bucket-allocator-block-count=8"
    "memorysetup-main-allocator-block-size=16777216"
    "memorysetup-thread-allocator-block-size=16777216"
    "memorysetup-gfx-main-allocator-block-size=16777216"
    "memorysetup-gfx-thread-allocator-block-size=16777216"
    "memorysetup-cache-allocator-block-size=4194304"
    "memorysetup-typetree-allocator-block-size=2097152"
    "memorysetup-profiler-bucket-allocator-granularity=16"
    "memorysetup-profiler-bucket-allocator-bucket-count=8"
    "memorysetup-profiler-bucket-allocator-block-size=33554432"
    "memorysetup-profiler-bucket-allocator-block-count=8"
    "memorysetup-profiler-allocator-block-size=16777216"
    "memorysetup-profiler-editor-allocator-block-size=1048576"
    "memorysetup-temp-allocator-size-main=16777216"
    "memorysetup-job-temp-allocator-block-size=2097152"
    "memorysetup-job-temp-allocator-block-size-background=1048576"
    "memorysetup-job-temp-allocator-reduction-small-platforms=262144"
    "memorysetup-temp-allocator-size-background-worker=32768"
    "memorysetup-temp-allocator-size-job-worker=262144"
    "memorysetup-temp-allocator-size-preload-manager=33554432"
    "memorysetup-temp-allocator-size-nav-mesh-worker=65536"
    "memorysetup-temp-allocator-size-audio-worker=65536"
    "memorysetup-temp-allocator-size-cloud-worker=32768"
    "memorysetup-temp-allocator-size-gi-baking-worker=262144"
    "memorysetup-temp-allocator-size-gfx=262144"
Player connection [47784] Host "[IP] 192.168.1.73 [Port] 0 [Flags] 2 [Guid] 862216358 [EditorId] 862216358 [Version] 1048832 [Id] WindowsEditor(7,bin1st090104) [Debug] 1 [PackageName] WindowsEditor [ProjectName] Editor" joined multi-casting on [225.0.0.222:54997]...

Player connection [47784] Host "[IP] 192.168.1.73 [Port] 0 [Flags] 2 [Guid] 862216358 [EditorId] 862216358 [Version] 1048832 [Id] WindowsEditor(7,bin1st090104) [Debug] 1 [PackageName] WindowsEditor [ProjectName] Editor" joined alternative multi-casting on [225.0.0.222:34997]...

Refreshing native plugins compatible for Editor in 62.84 ms, found 3 plugins.
Preloading 0 native plugins for Editor in 0.00 ms.
Initialize engine version: 2021.3.26f1 (a16dc32e0ff2)
[Subsystems] Discovering subsystems at path E:/unity/2021.3.26f1/Editor/Data/Resources/UnitySubsystems
[Subsystems] Discovering subsystems at path E:/github/MoveStopMove_Tuyen/MoveStopMove_Tuyen/Assets
GfxDevice: creating device client; threaded=0; jobified=0
Direct3D:
    Version:  Direct3D 11.0 [level 11.1]
    Renderer: NVIDIA GeForce RTX 3050 Laptop GPU (ID=0x25a2)
    Vendor:   NVIDIA
    VRAM:     3977 MB
    Driver:   31.0.15.3168
Initialize mono
Mono path[0] = 'E:/unity/2021.3.26f1/Editor/Data/Managed'
Mono path[1] = 'E:/unity/2021.3.26f1/Editor/Data/MonoBleedingEdge/lib/mono/unityjit-win32'
Mono config path = 'E:/unity/2021.3.26f1/Editor/Data/MonoBleedingEdge/etc'
Using monoOptions --debugger-agent=transport=dt_socket,embedding=1,server=y,suspend=n,address=127.0.0.1:56392
Begin MonoManager ReloadAssembly
Registering precompiled unity dll's ...
Register platform support module: E:/unity/2021.3.26f1/Editor/Data/PlaybackEngines/WebGLSupport/UnityEditor.WebGL.Extensions.dll
Register platform support module: E:/unity/2021.3.26f1/Editor/Data/PlaybackEngines/AndroidPlayer/UnityEditor.Android.Extensions.dll
Register platform support module: E:/unity/2021.3.26f1/Editor/Data/PlaybackEngines/WindowsStandaloneSupport/UnityEditor.WindowsStandalone.Extensions.dll
Registered in 0.001589 seconds.
Native extension for WindowsStandalone target not found
Native extension for Android target not found
Android Extension - Scanning For ADB Devices 213 ms
Native extension for WebGL target not found
Refreshing native plugins compatible for Editor in 77.12 ms, found 3 plugins.
Preloading 0 native plugins for Editor in 0.00 ms.
Mono: successfully reloaded assembly
- Completed reload, in  0.744 seconds
Domain Reload Profiling:
	ReloadAssembly (744ms)
		BeginReloadAssembly (66ms)
			ExecutionOrderSort (0ms)
			DisableScriptedObjects (0ms)
			BackupInstance (0ms)
			ReleaseScriptingObjects (0ms)
			CreateAndSetChildDomain (1ms)
		EndReloadAssembly (611ms)
			LoadAssemblies (66ms)
			RebuildTransferFunctionScriptingTraits (0ms)
			SetupTypeCache (85ms)
			ReleaseScriptCaches (0ms)
			RebuildScriptCaches (20ms)
			SetupLoadedEditorAssemblies (466ms)
				LogAssemblyErrors (0ms)
				InitializePlatformSupportModulesInManaged (281ms)
				SetLoadedEditorAssemblies (0ms)
				RefreshPlugins (77ms)
				BeforeProcessingInitializeOnLoad (1ms)
				ProcessInitializeOnLoadAttributes (66ms)
				ProcessInitializeOnLoadMethodAttributes (41ms)
				AfterProcessingInitializeOnLoad (0ms)
				EditorAssembliesLoaded (0ms)
			ExecutionOrderSort2 (0ms)
			AwakeInstancesAfterBackupRestoration (0ms)
Platform modules already initialized, skipping
Registering precompiled user dll's ...
Registered in 0.002151 seconds.
Begin MonoManager ReloadAssembly
Symbol file LoadedFromMemory doesn't match image E:\github\MoveStopMove_Tuyen\MoveStopMove_Tuyen\Library\PackageCache\com.unity.visualscripting@1.8.0\Editor\VisualScripting.Core\Dependencies\YamlDotNet\Unity.VisualScripting.YamlDotNet.dll
Symbol file LoadedFromMemory doesn't match image E:\github\MoveStopMove_Tuyen\MoveStopMove_Tuyen\Library\PackageCache\com.unity.visualscripting@1.8.0\Editor\VisualScripting.Core\Dependencies\DotNetZip\Unity.VisualScripting.IonicZip.dll
Native extension for WindowsStandalone target not found
Native extension for Android target not found
Native extension for WebGL target not found
Refreshing native plugins compatible for Editor in 0.77 ms, found 3 plugins.
Preloading 0 native plugins for Editor in 0.00 ms.
Mono: successfully reloaded assembly
- Completed reload, in  0.775 seconds
Domain Reload Profiling:
	ReloadAssembly (776ms)
		BeginReloadAssembly (87ms)
			ExecutionOrderSort (0ms)
			DisableScriptedObjects (5ms)
			BackupInstance (0ms)
			ReleaseScriptingObjects (0ms)
			CreateAndSetChildDomain (17ms)
		EndReloadAssembly (615ms)
			LoadAssemblies (59ms)
			RebuildTransferFunctionScriptingTraits (0ms)
			SetupTypeCache (220ms)
			ReleaseScriptCaches (1ms)
			RebuildScriptCaches (39ms)
			SetupLoadedEditorAssemblies (260ms)
				LogAssemblyErrors (0ms)
				InitializePlatformSupportModulesInManaged (15ms)
				SetLoadedEditorAssemblies (0ms)
				RefreshPlugins (1ms)
				BeforeProcessingInitializeOnLoad (54ms)
				ProcessInitializeOnLoadAttributes (173ms)
				ProcessInitializeOnLoadMethodAttributes (15ms)
				AfterProcessingInitializeOnLoad (2ms)
				EditorAssembliesLoaded (0ms)
			ExecutionOrderSort2 (0ms)
			AwakeInstancesAfterBackupRestoration (5ms)
Platform modules already initialized, skipping
========================================================================
Worker process is ready to serve import requests
Launched and connected shader compiler UnityShaderCompiler.exe after 0.04 seconds
Refreshing native plugins compatible for Editor in 1.74 ms, found 3 plugins.
Preloading 0 native plugins for Editor in 0.00 ms.
Unloading 3077 Unused Serialized files (Serialized files now loaded: 0)
Unloading 22 unused Assets / (49.2 MB). Loaded Objects now: 3555.
Memory consumption went from 190.4 MB to 141.2 MB.
Total: 4.230400 ms (FindLiveObjects: 0.241000 ms CreateObjectMapping: 0.096200 ms MarkObjects: 3.822100 ms  DeleteObjects: 0.070100 ms)

AssetImportParameters requested are different than current active one (requested -> active):
  custom:video-decoder-ogg-theora: a1e56fd34408186e4bbccfd4996cb3dc -> 
  custom:container-muxer-webm: aa71ff27fc2769a1b78a27578f13a17b -> 
  custom:container-demuxer-webm: 4f35f7cbe854078d1ac9338744f61a02 -> 
  custom:video-encoder-webm-vp8: eb34c28f22e8b96e1ab97ce403110664 -> 
  custom:video-codec-MediaFoundation-h265: 746d11721c4dcdbdad8f713fa42b33f4 -> 
  custom:audio-encoder-webm-vorbis: bf7c407c2cedff20999df2af8eb42d56 -> 
  custom:framework-win-MediaFoundation: 216162199b28c13a410421893ffa2e32 -> 
  custom:container-demuxer-ogg: 62fdf1f143b41e24485cea50d1cbac27 -> 
  custom:video-decoder-webm-vp8: 9c59270c3fd7afecdb556c50c9e8de78 -> 
  custom:audio-decoder-ogg-vorbis: bf7c407c2cedff20999df2af8eb42d56 -> 
========================================================================
Received Import Request.
  Time since last request: 820187.077469 seconds.
  path: Assets/Documents/Bitgem/Jungle_Cube/Source/cauldron_animated_LOD_group.fbx
  artifactKey: Guid(3a79080d1844c429a9a92486183ba770) Importer(815301076,1909f56bfc062723c751e8b465ee728b)
Start importing Assets/Documents/Bitgem/Jungle_Cube/Source/cauldron_animated_LOD_group.fbx using Guid(3a79080d1844c429a9a92486183ba770) Importer(815301076,1909f56bfc062723c751e8b465ee728b)  -> (artifact id: 'c834054fe311b34d50f356679df3d840') in 0.241687 seconds 
========================================================================
Received Import Request.
  Time since last request: 0.656751 seconds.
  path: Assets/Documents/Bitgem/Jungle_Cube/Source/block_stone1_3_half_torch_LOD_group.fbx
  artifactKey: Guid(d16010219658840ecba6b6dacb43b168) Importer(815301076,1909f56bfc062723c751e8b465ee728b)
Start importing Assets/Documents/Bitgem/Jungle_Cube/Source/block_stone1_3_half_torch_LOD_group.fbx using Guid(d16010219658840ecba6b6dacb43b168) Importer(815301076,1909f56bfc062723c751e8b465ee728b)  -> (artifact id: '061608b66bba0e7b0fbe3ec4261a0900') in 0.076988 seconds 
========================================================================
Received Import Request.
  Time since last request: 8.113028 seconds.
  path: Assets/Documents/Bitgem/Jungle_Cube/Source/big_tree_foliage_group_LOD_group.fbx
  artifactKey: Guid(7889726e304164658ba2099ef39fa5f4) Importer(815301076,1909f56bfc062723c751e8b465ee728b)
Start importing Assets/Documents/Bitgem/Jungle_Cube/Source/big_tree_foliage_group_LOD_group.fbx using Guid(7889726e304164658ba2099ef39fa5f4) Importer(815301076,1909f56bfc062723c751e8b465ee728b)  -> (artifact id: 'ec7a7026e31cf06ad4ee129cd519e4f5') in 0.080885 seconds 
========================================================================
Received Import Request.
  Time since last request: 0.811860 seconds.
  path: Assets/Documents/Bitgem/Jungle_Cube/Source/block_rail1_LOD_group.fbx
  artifactKey: Guid(00396c9410b5e4669b8a3a42e80822b3) Importer(815301076,1909f56bfc062723c751e8b465ee728b)
Start importing Assets/Documents/Bitgem/Jungle_Cube/Source/block_rail1_LOD_group.fbx using Guid(00396c9410b5e4669b8a3a42e80822b3) Importer(815301076,1909f56bfc062723c751e8b465ee728b)  -> (artifact id: 'b1fdbb60953d306be66b3f8929b956d3') in 0.043547 seconds 
========================================================================
Received Import Request.
  Time since last request: 0.271614 seconds.
  path: Assets/Documents/Bitgem/Jungle_Cube/Source/block_rail2_LOD_group.fbx
  artifactKey: Guid(ad68557490292498bb3d84844423e8bd) Importer(815301076,1909f56bfc062723c751e8b465ee728b)
Start importing Assets/Documents/Bitgem/Jungle_Cube/Source/block_rail2_LOD_group.fbx using Guid(ad68557490292498bb3d84844423e8bd) Importer(815301076,1909f56bfc062723c751e8b465ee728b)  -> (artifact id: 'c72905cbfc896ef419b9c252f0b7fb70') in 0.046588 seconds 
========================================================================
Received Import Request.
  Time since last request: 1.177575 seconds.
  path: Assets/Documents/Bitgem/Jungle_Cube/Source/block_stone1_2_tiny_LOD_group.fbx
  artifactKey: Guid(24745db8c454a4ba6a7a7e96e1e7e040) Importer(815301076,1909f56bfc062723c751e8b465ee728b)
Start importing Assets/Documents/Bitgem/Jungle_Cube/Source/block_stone1_2_tiny_LOD_group.fbx using Guid(24745db8c454a4ba6a7a7e96e1e7e040) Importer(815301076,1909f56bfc062723c751e8b465ee728b)  -> (artifact id: '32ae20a9bd3df42505aec98f1ff6358d') in 0.060094 seconds 
========================================================================
Received Import Request.
  Time since last request: 0.000013 seconds.
  path: Assets/Documents/Bitgem/Jungle_Cube/Source/block_stone1_3_half_dark_LOD_group.fbx
  artifactKey: Guid(ff501d714251d4a04b0d6884af1e6407) Importer(815301076,1909f56bfc062723c751e8b465ee728b)
Start importing Assets/Documents/Bitgem/Jungle_Cube/Source/block_stone1_3_half_dark_LOD_group.fbx using Guid(ff501d714251d4a04b0d6884af1e6407) Importer(815301076,1909f56bfc062723c751e8b465ee728b)  -> (artifact id: '261d3d01ea04f9248206ee342aecfa81') in 0.067229 seconds 
========================================================================
Received Import Request.
  Time since last request: 0.269153 seconds.
  path: Assets/Documents/Bitgem/Jungle_Cube/Source/block_stone1_3_half_plinth_LOD_group.fbx
  artifactKey: Guid(736f1892abd53498780b78b377b589ac) Importer(815301076,1909f56bfc062723c751e8b465ee728b)
Start importing Assets/Documents/Bitgem/Jungle_Cube/Source/block_stone1_3_half_plinth_LOD_group.fbx using Guid(736f1892abd53498780b78b377b589ac) Importer(815301076,1909f56bfc062723c751e8b465ee728b)  -> (artifact id: 'b09aa54c16a58984b37ed37850cc8c57') in 0.056808 seconds 
========================================================================
Received Import Request.
  Time since last request: 0.025357 seconds.
  path: Assets/Documents/Bitgem/Jungle_Cube/Source/block_stone1_4_debris_LOD_group.fbx
  artifactKey: Guid(f6bd789015c6a45f98c4b9df16176b17) Importer(815301076,1909f56bfc062723c751e8b465ee728b)
Start importing Assets/Documents/Bitgem/Jungle_Cube/Source/block_stone1_4_debris_LOD_group.fbx using Guid(f6bd789015c6a45f98c4b9df16176b17) Importer(815301076,1909f56bfc062723c751e8b465ee728b)  -> (artifact id: 'd4736bde4d2fa35702e7018a4b5cb389') in 0.044178 seconds 
========================================================================
Received Import Request.
  Time since last request: 0.353994 seconds.
  path: Assets/Documents/Bitgem/Jungle_Cube/Source/block_stone1_5_LOD_group.fbx
  artifactKey: Guid(551f6ccaa89604faea6006c2f7150833) Importer(815301076,1909f56bfc062723c751e8b465ee728b)
Start importing Assets/Documents/Bitgem/Jungle_Cube/Source/block_stone1_5_LOD_group.fbx using Guid(551f6ccaa89604faea6006c2f7150833) Importer(815301076,1909f56bfc062723c751e8b465ee728b)  -> (artifact id: '272cb56b81298f886e61b2518349d5de') in 0.047218 seconds 
========================================================================
Received Import Request.
  Time since last request: 0.019144 seconds.
  path: Assets/Documents/Bitgem/Jungle_Cube/Source/block_stone1_7_LOD_group.fbx
  artifactKey: Guid(d8c80ab52c62c4fde87da26935569dad) Importer(815301076,1909f56bfc062723c751e8b465ee728b)
Start importing Assets/Documents/Bitgem/Jungle_Cube/Source/block_stone1_7_LOD_group.fbx using Guid(d8c80ab52c62c4fde87da26935569dad) Importer(815301076,1909f56bfc062723c751e8b465ee728b)  -> (artifact id: '9392d7e4679add7d2bee333621a72d77') in 0.049290 seconds 
========================================================================
Received Import Request.
  Time since last request: 0.436358 seconds.
  path: Assets/Documents/Bitgem/Jungle_Cube/Source/block_stone1_9_LOD_group.fbx
  artifactKey: Guid(cea3046074c274d4c8b03842a8ddea0a) Importer(815301076,1909f56bfc062723c751e8b465ee728b)
Start importing Assets/Documents/Bitgem/Jungle_Cube/Source/block_stone1_9_LOD_group.fbx using Guid(cea3046074c274d4c8b03842a8ddea0a) Importer(815301076,1909f56bfc062723c751e8b465ee728b)  -> (artifact id: '06ddc7a74f4fe55033f582b58213d92b') in 0.041918 seconds 
========================================================================
Received Import Request.
  Time since last request: 0.000015 seconds.
  path: Assets/Documents/Bitgem/Jungle_Cube/Source/block_stone1_head_LOD_group.fbx
  artifactKey: Guid(d860de90eeaca472188eb6d5bdfa1cb7) Importer(815301076,1909f56bfc062723c751e8b465ee728b)
Start importing Assets/Documents/Bitgem/Jungle_Cube/Source/block_stone1_head_LOD_group.fbx using Guid(d860de90eeaca472188eb6d5bdfa1cb7) Importer(815301076,1909f56bfc062723c751e8b465ee728b)  -> (artifact id: 'd03b2ca32e86d96653a8ab0be9e1bedb') in 0.048002 seconds 
========================================================================
Received Import Request.
  Time since last request: 0.000015 seconds.
  path: Assets/Documents/Bitgem/Jungle_Cube/Source/block_stone_large2_LOD_group.fbx
  artifactKey: Guid(ece68b38520f6489599a44dab7e2a725) Importer(815301076,1909f56bfc062723c751e8b465ee728b)
Start importing Assets/Documents/Bitgem/Jungle_Cube/Source/block_stone_large2_LOD_group.fbx using Guid(ece68b38520f6489599a44dab7e2a725) Importer(815301076,1909f56bfc062723c751e8b465ee728b)  -> (artifact id: 'f00367e092cf1f1a5a24e3955ccc78ab') in 0.047288 seconds 
========================================================================
Received Import Request.
  Time since last request: 0.291673 seconds.
  path: Assets/Documents/Bitgem/Jungle_Cube/Source/block_stone_large4_LOD_group.fbx
  artifactKey: Guid(e8aab347e04b847a2840677334d3265b) Importer(815301076,1909f56bfc062723c751e8b465ee728b)
Start importing Assets/Documents/Bitgem/Jungle_Cube/Source/block_stone_large4_LOD_group.fbx using Guid(e8aab347e04b847a2840677334d3265b) Importer(815301076,1909f56bfc062723c751e8b465ee728b)  -> (artifact id: 'a9b2cd0ea69b73aa3ed32ac595f8a935') in 0.057493 seconds 
========================================================================
Received Import Request.
  Time since last request: 1.706188 seconds.
  path: Assets/Documents/Bitgem/Jungle_Cube/Source/bone_jaw_LOD_group.fbx
  artifactKey: Guid(9bdf94f7ad23e4cdd9bc659ee5d83d6b) Importer(815301076,1909f56bfc062723c751e8b465ee728b)
Start importing Assets/Documents/Bitgem/Jungle_Cube/Source/bone_jaw_LOD_group.fbx using Guid(9bdf94f7ad23e4cdd9bc659ee5d83d6b) Importer(815301076,1909f56bfc062723c751e8b465ee728b)  -> (artifact id: 'c957155119b881b3809b7692eab912e5') in 0.055485 seconds 
========================================================================
Received Import Request.
  Time since last request: 0.000015 seconds.
  path: Assets/Documents/Bitgem/Jungle_Cube/Source/bone_pelvis_LOD_group.fbx
  artifactKey: Guid(bf4b969f4c79f42d59a8e1b5444671f5) Importer(815301076,1909f56bfc062723c751e8b465ee728b)
Start importing Assets/Documents/Bitgem/Jungle_Cube/Source/bone_pelvis_LOD_group.fbx using Guid(bf4b969f4c79f42d59a8e1b5444671f5) Importer(815301076,1909f56bfc062723c751e8b465ee728b)  -> (artifact id: 'b315b2cf160c86a3399c5edd313624ab') in 0.053399 seconds 
========================================================================
Received Import Request.
  Time since last request: 0.203653 seconds.
  path: Assets/Documents/Bitgem/Jungle_Cube/Source/bone_ribcage_LOD_group.fbx
  artifactKey: Guid(96ab8f448a5e34680a71defdb076aefb) Importer(815301076,1909f56bfc062723c751e8b465ee728b)
Start importing Assets/Documents/Bitgem/Jungle_Cube/Source/bone_ribcage_LOD_group.fbx using Guid(96ab8f448a5e34680a71defdb076aefb) Importer(815301076,1909f56bfc062723c751e8b465ee728b)  -> (artifact id: 'e8da9f3f5c157f39b5ad9da4e820674e') in 0.083319 seconds 
========================================================================
Received Import Request.
  Time since last request: 4.658348 seconds.
  path: Assets/Documents/Bitgem/Jungle_Cube/Source/cauldron_LOD_group.fbx
  artifactKey: Guid(96787b1d3e0c8418e84c89b175465159) Importer(815301076,1909f56bfc062723c751e8b465ee728b)
Start importing Assets/Documents/Bitgem/Jungle_Cube/Source/cauldron_LOD_group.fbx using Guid(96787b1d3e0c8418e84c89b175465159) Importer(815301076,1909f56bfc062723c751e8b465ee728b)  -> (artifact id: '6047a8b4edd63535cffb9a6cf111b7c6') in 0.041126 seconds 
========================================================================
Received Import Request.
  Time since last request: 2.976291 seconds.
  path: Assets/Documents/Bitgem/Jungle_Cube/Source/dandelion_double_balls_LOD_group.fbx
  artifactKey: Guid(01f7ae72e38b74294be93305cdc17ae2) Importer(815301076,1909f56bfc062723c751e8b465ee728b)
Start importing Assets/Documents/Bitgem/Jungle_Cube/Source/dandelion_double_balls_LOD_group.fbx using Guid(01f7ae72e38b74294be93305cdc17ae2) Importer(815301076,1909f56bfc062723c751e8b465ee728b)  -> (artifact id: '79f9fc723036f87362e5eb6099c29488') in 0.050111 seconds 
========================================================================
Received Import Request.
  Time since last request: 0.000023 seconds.
  path: Assets/Documents/Bitgem/Jungle_Cube/Source/dandelion_leaves_LOD_group.fbx
  artifactKey: Guid(88a953d5b1c5f426f961548d531ca381) Importer(815301076,1909f56bfc062723c751e8b465ee728b)
Start importing Assets/Documents/Bitgem/Jungle_Cube/Source/dandelion_leaves_LOD_group.fbx using Guid(88a953d5b1c5f426f961548d531ca381) Importer(815301076,1909f56bfc062723c751e8b465ee728b)  -> (artifact id: '43b78bd5922c030c3ef035a9f3fc9b00') in 0.056514 seconds 
========================================================================
Received Import Request.
  Time since last request: 4.302607 seconds.
  path: Assets/Documents/Bitgem/Cube_World/Doors/Source/door_stone_rounded_top.fbx
  artifactKey: Guid(599272cdcd01a8c44b7b90c4a22fd7f1) Importer(815301076,1909f56bfc062723c751e8b465ee728b)
Start importing Assets/Documents/Bitgem/Cube_World/Doors/Source/door_stone_rounded_top.fbx using Guid(599272cdcd01a8c44b7b90c4a22fd7f1) Importer(815301076,1909f56bfc062723c751e8b465ee728b)  -> (artifact id: '80d453ee632242122fc60168e3900da1') in 0.060545 seconds 
========================================================================
Received Import Request.
  Time since last request: 0.000022 seconds.
  path: Assets/Documents/Bitgem/Cube_World/Doors/Source/door_wood_rounded_double_top.fbx
  artifactKey: Guid(6b5baa75c00a5934a8a0c47e9492c2e9) Importer(815301076,1909f56bfc062723c751e8b465ee728b)
Start importing Assets/Documents/Bitgem/Cube_World/Doors/Source/door_wood_rounded_double_top.fbx using Guid(6b5baa75c00a5934a8a0c47e9492c2e9) Importer(815301076,1909f56bfc062723c751e8b465ee728b)  -> (artifact id: 'e240a603b05aae3ec8ae4e748d05dcbd') in 0.057550 seconds 
========================================================================
Received Import Request.
  Time since last request: 0.000018 seconds.
  path: Assets/Documents/Bitgem/Cube_World/Doors/Source/door_wood_rounded.fbx
  artifactKey: Guid(0c2040d98f0eb0e45b3aa2b8d2c42f66) Importer(815301076,1909f56bfc062723c751e8b465ee728b)
Start importing Assets/Documents/Bitgem/Cube_World/Doors/Source/door_wood_rounded.fbx using Guid(0c2040d98f0eb0e45b3aa2b8d2c42f66) Importer(815301076,1909f56bfc062723c751e8b465ee728b)  -> (artifact id: 'e24fe98596e7a1d6877b2e8db9228317') in 0.095069 seconds 
========================================================================
Received Import Request.
  Time since last request: 0.022091 seconds.
  path: Assets/Documents/Bitgem/Cube_World/Doors/Source/door_wood_rounded_left.fbx
  artifactKey: Guid(359c09bbabcc08444bf2df676dfa3670) Importer(815301076,1909f56bfc062723c751e8b465ee728b)
Start importing Assets/Documents/Bitgem/Cube_World/Doors/Source/door_wood_rounded_left.fbx using Guid(359c09bbabcc08444bf2df676dfa3670) Importer(815301076,1909f56bfc062723c751e8b465ee728b)  -> (artifact id: '2caf75aa7466da5cbbfbca4c53af41c4') in 0.100141 seconds 
========================================================================
Received Import Request.
  Time since last request: 1.221507 seconds.
  path: Assets/Documents/Bitgem/Cube_World/Doors/Source/door_wood_rounded_top.fbx
  artifactKey: Guid(2de10c24f7643b4409af364c51231334) Importer(815301076,1909f56bfc062723c751e8b465ee728b)
Start importing Assets/Documents/Bitgem/Cube_World/Doors/Source/door_wood_rounded_top.fbx using Guid(2de10c24f7643b4409af364c51231334) Importer(815301076,1909f56bfc062723c751e8b465ee728b)  -> (artifact id: '3f2bde63305effdf0cd0b2832f8aca25') in 0.038861 seconds 
========================================================================
Received Import Request.
  Time since last request: 0.000023 seconds.
  path: Assets/Documents/Bitgem/Jungle_Cube/Source/drum_stick_LOD_group.fbx
  artifactKey: Guid(54da98707d24c4bcfa54e32ba8463ac8) Importer(815301076,1909f56bfc062723c751e8b465ee728b)
Start importing Assets/Documents/Bitgem/Jungle_Cube/Source/drum_stick_LOD_group.fbx using Guid(54da98707d24c4bcfa54e32ba8463ac8) Importer(815301076,1909f56bfc062723c751e8b465ee728b)  -> (artifact id: '09cc237bfd4845b762ce0ec626b5b565') in 0.046249 seconds 
========================================================================
Received Import Request.
  Time since last request: 1.331110 seconds.
  path: Assets/Documents/Bitgem/Cube_World/Wood/Source/fence_pole_wood.fbx
  artifactKey: Guid(6c3a3accd452cab428322abe60201ded) Importer(815301076,1909f56bfc062723c751e8b465ee728b)
Start importing Assets/Documents/Bitgem/Cube_World/Wood/Source/fence_pole_wood.fbx using Guid(6c3a3accd452cab428322abe60201ded) Importer(815301076,1909f56bfc062723c751e8b465ee728b)  -> (artifact id: '77a9f880e325a8c19051fac2e00a5487') in 0.043019 seconds 
========================================================================
Received Import Request.
  Time since last request: 0.000023 seconds.
  path: Assets/Documents/Bitgem/Jungle_Cube/Source/fern_tree_small_LOD_group.fbx
  artifactKey: Guid(4bba31bcd6bb5452795f8478721d5076) Importer(815301076,1909f56bfc062723c751e8b465ee728b)
Start importing Assets/Documents/Bitgem/Jungle_Cube/Source/fern_tree_small_LOD_group.fbx using Guid(4bba31bcd6bb5452795f8478721d5076) Importer(815301076,1909f56bfc062723c751e8b465ee728b)  -> (artifact id: '3a27e21e4bd3bf63644d21bf01e402a9') in 0.055262 seconds 
========================================================================
Received Import Request.
  Time since last request: 0.490238 seconds.
  path: Assets/Documents/Bitgem/Jungle_Cube/Source/flower_double_purple_LOD_group.fbx
  artifactKey: Guid(930d8977648d74fe1a324b29b1912ec3) Importer(815301076,1909f56bfc062723c751e8b465ee728b)
Start importing Assets/Documents/Bitgem/Jungle_Cube/Source/flower_double_purple_LOD_group.fbx using Guid(930d8977648d74fe1a324b29b1912ec3) Importer(815301076,1909f56bfc062723c751e8b465ee728b)  -> (artifact id: '663b9c43eebd28aa6d96ee82834e8fcd') in 0.039169 seconds 
========================================================================
Received Import Request.
  Time since last request: 0.621004 seconds.
  path: Assets/Documents/Bitgem/Cube_World/Stone/Source/flower_red.fbx
  artifactKey: Guid(90c3df1d386b34c48bb4fc167a04c717) Importer(815301076,1909f56bfc062723c751e8b465ee728b)
Start importing Assets/Documents/Bitgem/Cube_World/Stone/Source/flower_red.fbx using Guid(90c3df1d386b34c48bb4fc167a04c717) Importer(815301076,1909f56bfc062723c751e8b465ee728b)  -> (artifact id: 'd4b3b43db75d9267c87e1eef3fbdd419') in 0.037191 seconds 
========================================================================
Received Import Request.
  Time since last request: 0.000021 seconds.
  path: Assets/Documents/Bitgem/Cube_World/Stone/Source/flower_red_low.fbx
  artifactKey: Guid(a2ce0dc416cbb5e4d804172246e03ba9) Importer(815301076,1909f56bfc062723c751e8b465ee728b)
Start importing Assets/Documents/Bitgem/Cube_World/Stone/Source/flower_red_low.fbx using Guid(a2ce0dc416cbb5e4d804172246e03ba9) Importer(815301076,1909f56bfc062723c751e8b465ee728b)  -> (artifact id: '44a926bc941306979e3d48698a1ed759') in 0.038601 seconds 
========================================================================
Received Import Request.
  Time since last request: 1.043384 seconds.
  path: Assets/Documents/Bitgem/Jungle_Cube/Source/flower_single_red_LOD_group.fbx
  artifactKey: Guid(290b748e57cea4a56b200f72106c0bf2) Importer(815301076,1909f56bfc062723c751e8b465ee728b)
Start importing Assets/Documents/Bitgem/Jungle_Cube/Source/flower_single_red_LOD_group.fbx using Guid(290b748e57cea4a56b200f72106c0bf2) Importer(815301076,1909f56bfc062723c751e8b465ee728b)  -> (artifact id: '2101550ecb54fbc54939ef7c11f5070d') in 0.053917 seconds 
========================================================================
Received Import Request.
  Time since last request: 0.000020 seconds.
  path: Assets/Documents/Bitgem/Jungle_Cube/Source/flower_single_yellow_LOD_group.fbx
  artifactKey: Guid(d1b40d375a935451080be0dac7ccf9ac) Importer(815301076,1909f56bfc062723c751e8b465ee728b)
Start importing Assets/Documents/Bitgem/Jungle_Cube/Source/flower_single_yellow_LOD_group.fbx using Guid(d1b40d375a935451080be0dac7ccf9ac) Importer(815301076,1909f56bfc062723c751e8b465ee728b)  -> (artifact id: 'ed46f935b6c716502cf3876b7bf9413a') in 0.050952 seconds 
========================================================================
Received Import Request.
  Time since last request: 0.000018 seconds.
  path: Assets/Documents/Bitgem/Jungle_Cube/Source/flower_trio_white_LOD_group.fbx
  artifactKey: Guid(749e9d969331b45478d18965a0e3ba9d) Importer(815301076,1909f56bfc062723c751e8b465ee728b)
Start importing Assets/Documents/Bitgem/Jungle_Cube/Source/flower_trio_white_LOD_group.fbx using Guid(749e9d969331b45478d18965a0e3ba9d) Importer(815301076,1909f56bfc062723c751e8b465ee728b)  -> (artifact id: '245ee368f5199d5aeb32f6b133932e3b') in 0.057785 seconds 
========================================================================
Received Import Request.
  Time since last request: 0.672322 seconds.
  path: Assets/Documents/Bitgem/Cube_World/Stone/Source/flower_yellow.fbx
  artifactKey: Guid(90c9843dfe07fa243bee16b8979277bb) Importer(815301076,1909f56bfc062723c751e8b465ee728b)
Start importing Assets/Documents/Bitgem/Cube_World/Stone/Source/flower_yellow.fbx using Guid(90c9843dfe07fa243bee16b8979277bb) Importer(815301076,1909f56bfc062723c751e8b465ee728b)  -> (artifact id: '9852c7c031865b373038e13bd000cc7a') in 0.035309 seconds 
========================================================================
Received Import Request.
  Time since last request: 0.014838 seconds.
  path: Assets/Documents/Bitgem/Cube_World/Tower_Defense/Source/generator_head_lvl1.fbx
  artifactKey: Guid(5ee1aa8b050564ff08aaf23473196e57) Importer(815301076,1909f56bfc062723c751e8b465ee728b)
Start importing Assets/Documents/Bitgem/Cube_World/Tower_Defense/Source/generator_head_lvl1.fbx using Guid(5ee1aa8b050564ff08aaf23473196e57) Importer(815301076,1909f56bfc062723c751e8b465ee728b)  -> (artifact id: 'b9ad1958e60d9903e51f70b94b4c72d0') in 0.038651 seconds 
========================================================================
Received Import Request.
  Time since last request: 0.910799 seconds.
  path: Assets/Documents/Bitgem/Cube_World/Tower_Defense/Source/generator_head_lvl3.fbx
  artifactKey: Guid(0e2a64aaec187450a9838c3a3553c717) Importer(815301076,1909f56bfc062723c751e8b465ee728b)
Start importing Assets/Documents/Bitgem/Cube_World/Tower_Defense/Source/generator_head_lvl3.fbx using Guid(0e2a64aaec187450a9838c3a3553c717) Importer(815301076,1909f56bfc062723c751e8b465ee728b)  -> (artifact id: 'dce0bce21f393b78b50f2db0c1e27870') in 0.039100 seconds 
========================================================================
Received Import Request.
  Time since last request: 0.000016 seconds.
  path: Assets/Documents/Bitgem/Cube_World/Mining/Source/gold_bar.fbx
  artifactKey: Guid(b6a73df4d1427bd4cbce6ed100bc699b) Importer(815301076,1909f56bfc062723c751e8b465ee728b)
Start importing Assets/Documents/Bitgem/Cube_World/Mining/Source/gold_bar.fbx using Guid(b6a73df4d1427bd4cbce6ed100bc699b) Importer(815301076,1909f56bfc062723c751e8b465ee728b)  -> (artifact id: '47b23474fd1175931929fad3a5cc2f9d') in 0.042290 seconds 
========================================================================
Received Import Request.
  Time since last request: 0.018446 seconds.
  path: Assets/Documents/Bitgem/Cube_World/Mining/Source/gold_ore_block_2.fbx
  artifactKey: Guid(293c9ebf722e6eb4b91c9b5fad6dc7ff) Importer(815301076,1909f56bfc062723c751e8b465ee728b)
Start importing Assets/Documents/Bitgem/Cube_World/Mining/Source/gold_ore_block_2.fbx using Guid(293c9ebf722e6eb4b91c9b5fad6dc7ff) Importer(815301076,1909f56bfc062723c751e8b465ee728b)  -> (artifact id: '2bf3fc8409dd9c2f88702a6699c9d703') in 0.034942 seconds 
========================================================================
Received Import Request.
  Time since last request: 0.365047 seconds.
  path: Assets/Documents/Bitgem/Cube_World/Sandstone/Source/gold_pyramid_top.fbx
  artifactKey: Guid(55fee3a3a671b3144a8f450b753847c6) Importer(815301076,1909f56bfc062723c751e8b465ee728b)
Start importing Assets/Documents/Bitgem/Cube_World/Sandstone/Source/gold_pyramid_top.fbx using Guid(55fee3a3a671b3144a8f450b753847c6) Importer(815301076,1909f56bfc062723c751e8b465ee728b)  -> (artifact id: 'bbd85b0a450729c987c0088e3e6d616c') in 0.044432 seconds 
========================================================================
Received Import Request.
  Time since last request: 0.526937 seconds.
  path: Assets/Documents/Bitgem/Jungle_Cube/Source/grass_flower_balls_low_LOD_group.fbx
  artifactKey: Guid(9f6314ee313ff418489eb496e8c91b4a) Importer(815301076,1909f56bfc062723c751e8b465ee728b)
Start importing Assets/Documents/Bitgem/Jungle_Cube/Source/grass_flower_balls_low_LOD_group.fbx using Guid(9f6314ee313ff418489eb496e8c91b4a) Importer(815301076,1909f56bfc062723c751e8b465ee728b)  -> (artifact id: '572dbbd2f81e60700644068b4a270ba2') in 0.036378 seconds 
========================================================================
Received Import Request.
  Time since last request: 0.503683 seconds.
  path: Assets/Documents/Bitgem/Jungle_Cube/Source/grass_tulip_flower_white_LOD_group.fbx
  artifactKey: Guid(2577f791da13545eda3bdb679b713745) Importer(815301076,1909f56bfc062723c751e8b465ee728b)
Start importing Assets/Documents/Bitgem/Jungle_Cube/Source/grass_tulip_flower_white_LOD_group.fbx using Guid(2577f791da13545eda3bdb679b713745) Importer(815301076,1909f56bfc062723c751e8b465ee728b)  -> (artifact id: '8ec6c7c52d7728a410c0e32ad44d9354') in 0.055633 seconds 
========================================================================
Received Import Request.
  Time since last request: 0.004582 seconds.
  path: Assets/Documents/Bitgem/Jungle_Cube/Source/grasstop2_deco_LOD_group.fbx
  artifactKey: Guid(d0d3a399b1fad4126b5b52cc7fae9829) Importer(815301076,1909f56bfc062723c751e8b465ee728b)
Start importing Assets/Documents/Bitgem/Jungle_Cube/Source/grasstop2_deco_LOD_group.fbx using Guid(d0d3a399b1fad4126b5b52cc7fae9829) Importer(815301076,1909f56bfc062723c751e8b465ee728b)  -> (artifact id: 'ab951b99d7b78692e5e08bb899530ae9') in 0.080409 seconds 
========================================================================
Received Import Request.
  Time since last request: 2.850623 seconds.
  path: Assets/Documents/Bitgem/Cube_World/Snow/Source/ice_cube_1.fbx
  artifactKey: Guid(8de9d39fc2df34846b685fe977168dbd) Importer(815301076,1909f56bfc062723c751e8b465ee728b)
Start importing Assets/Documents/Bitgem/Cube_World/Snow/Source/ice_cube_1.fbx using Guid(8de9d39fc2df34846b685fe977168dbd) Importer(815301076,1909f56bfc062723c751e8b465ee728b)  -> (artifact id: '7788239d3db83725b9db065a518eb4ec') in 0.034007 seconds 
========================================================================
Received Import Request.
  Time since last request: 0.281334 seconds.
  path: Assets/Documents/Bitgem/Cube_World/Snow/Source/ice_cube_3.fbx
  artifactKey: Guid(6299cad6d90934e46afbafd4a27d37bb) Importer(815301076,1909f56bfc062723c751e8b465ee728b)
Start importing Assets/Documents/Bitgem/Cube_World/Snow/Source/ice_cube_3.fbx using Guid(6299cad6d90934e46afbafd4a27d37bb) Importer(815301076,1909f56bfc062723c751e8b465ee728b)  -> (artifact id: '1e611298a34d0e07a44fdbde898a62a5') in 0.043685 seconds 
========================================================================
Received Prepare
Registering precompiled user dll's ...
Registered in 0.002019 seconds.
Begin MonoManager ReloadAssembly
Symbol file LoadedFromMemory doesn't match image E:\github\MoveStopMove_Tuyen\MoveStopMove_Tuyen\Library\PackageCache\com.unity.visualscripting@1.8.0\Editor\VisualScripting.Core\Dependencies\YamlDotNet\Unity.VisualScripting.YamlDotNet.dll
Symbol file LoadedFromMemory doesn't match image E:\github\MoveStopMove_Tuyen\MoveStopMove_Tuyen\Library\PackageCache\com.unity.visualscripting@1.8.0\Editor\VisualScripting.Core\Dependencies\DotNetZip\Unity.VisualScripting.IonicZip.dll
Native extension for WindowsStandalone target not found
Native extension for Android target not found
Native extension for WebGL target not found
Refreshing native plugins compatible for Editor in 1.44 ms, found 3 plugins.
Preloading 0 native plugins for Editor in 0.00 ms.
Mono: successfully reloaded assembly
- Completed reload, in  0.781 seconds
Domain Reload Profiling:
	ReloadAssembly (782ms)
		BeginReloadAssembly (115ms)
			ExecutionOrderSort (0ms)
			DisableScriptedObjects (4ms)
			BackupInstance (0ms)
			ReleaseScriptingObjects (0ms)
			CreateAndSetChildDomain (37ms)
		EndReloadAssembly (596ms)
			LoadAssemblies (64ms)
			RebuildTransferFunctionScriptingTraits (0ms)
			SetupTypeCache (208ms)
			ReleaseScriptCaches (1ms)
			RebuildScriptCaches (32ms)
			SetupLoadedEditorAssemblies (246ms)
				LogAssemblyErrors (0ms)
				InitializePlatformSupportModulesInManaged (18ms)
				SetLoadedEditorAssemblies (0ms)
				RefreshPlugins (1ms)
				BeforeProcessingInitializeOnLoad (42ms)
				ProcessInitializeOnLoadAttributes (164ms)
				ProcessInitializeOnLoadMethodAttributes (18ms)
				AfterProcessingInitializeOnLoad (2ms)
				EditorAssembliesLoaded (0ms)
			ExecutionOrderSort2 (0ms)
			AwakeInstancesAfterBackupRestoration (6ms)
Platform modules already initialized, skipping
Refreshing native plugins compatible for Editor in 2.24 ms, found 3 plugins.
Preloading 0 native plugins for Editor in 0.00 ms.
Unloading 3067 Unused Serialized files (Serialized files now loaded: 0)
Unloading 15 unused Assets / (24.6 KB). Loaded Objects now: 3569.
Memory consumption went from 202.3 MB to 202.2 MB.
Total: 4.225700 ms (FindLiveObjects: 0.413400 ms CreateObjectMapping: 0.331900 ms MarkObjects: 3.446700 ms  DeleteObjects: 0.032600 ms)

AssetImportParameters requested are different than current active one (requested -> active):
  custom:video-decoder-ogg-theora: a1e56fd34408186e4bbccfd4996cb3dc -> 
  custom:container-muxer-webm: aa71ff27fc2769a1b78a27578f13a17b -> 
  custom:container-demuxer-webm: 4f35f7cbe854078d1ac9338744f61a02 -> 
  custom:video-encoder-webm-vp8: eb34c28f22e8b96e1ab97ce403110664 -> 
  custom:video-codec-MediaFoundation-h265: 746d11721c4dcdbdad8f713fa42b33f4 -> 
  custom:audio-encoder-webm-vorbis: bf7c407c2cedff20999df2af8eb42d56 -> 
  custom:framework-win-MediaFoundation: 216162199b28c13a410421893ffa2e32 -> 
  custom:container-demuxer-ogg: 62fdf1f143b41e24485cea50d1cbac27 -> 
  custom:video-decoder-webm-vp8: 9c59270c3fd7afecdb556c50c9e8de78 -> 
  custom:audio-decoder-ogg-vorbis: bf7c407c2cedff20999df2af8eb42d56 -> 
Editor requested this worker to shutdown with reason: Scaling down because of idle timeout
AssetImportWorker is now disconnected from the server
Process exiting
Exiting without the bug reporter. Application will terminate with return code 0